
Oct 09, 2018 12:19:33.48 NEW SESSION
Oct 09, 2018 12:19:33.48 [3352:18048:1009/121933.467:ERROR:in_progress_cache_impl.cc(192)] Cache is not initialized, cannot RetrieveEntry.
Oct 09, 2018 12:19:33.48 [3352:18048:1009/121933.467:ERROR:in_progress_cache_impl.cc(192)] Cache is not initialized, cannot RetrieveEntry.
Oct 09, 2018 12:19:33.48 [3352:18048:1009/121933.467:ERROR:in_progress_cache_impl.cc(192)] Cache is not initialized, cannot RetrieveEntry.
Oct 09, 2018 12:19:33.48 [3352:18048:1009/121933.467:ERROR:in_progress_cache_impl.cc(192)] Cache is not initialized, cannot RetrieveEntry.
Oct 09, 2018 12:19:33.48 [3352:18048:1009/121933.467:ERROR:in_progress_cache_impl.cc(192)] Cache is not initialized, cannot RetrieveEntry.
Oct 09, 2018 12:19:33.50 [3352:18048:1009/121933.467:ERROR:in_progress_cache_impl.cc(192)] Cache is not initialized, cannot RetrieveEntry.
Oct 09, 2018 12:19:33.50 [3352:18048:1009/121933.468:ERROR:in_progress_cache_impl.cc(192)] Cache is not initialized, cannot RetrieveEntry.
Oct 09, 2018 12:19:33.50 [3352:18048:1009/121933.468:ERROR:in_progress_cache_impl.cc(192)] Cache is not initialized, cannot RetrieveEntry.
Oct 09, 2018 12:19:33.50 [3352:18048:1009/121933.468:ERROR:in_progress_cache_impl.cc(192)] Cache is not initialized, cannot RetrieveEntry.
Oct 09, 2018 12:19:33.50 [3352:18048:1009/121933.468:ERROR:in_progress_cache_impl.cc(192)] Cache is not initialized, cannot RetrieveEntry.
Oct 09, 2018 12:19:33.50 [3352:18048:1009/121933.468:ERROR:in_progress_cache_impl.cc(192)] Cache is not initialized, cannot RetrieveEntry.
Oct 09, 2018 12:19:33.50 [3352:18048:1009/121933.468:ERROR:in_progress_cache_impl.cc(192)] Cache is not initialized, cannot RetrieveEntry.
Oct 09, 2018 12:19:33.50 [3352:18048:1009/121933.468:ERROR:in_progress_cache_impl.cc(192)] Cache is not initialized, cannot RetrieveEntry.
Oct 09, 2018 12:19:33.50 [3352:18048:1009/121933.468:ERROR:in_progress_cache_impl.cc(192)] Cache is not initialized, cannot RetrieveEntry.
Oct 09, 2018 12:19:33.50 [3352:18048:1009/121933.468:ERROR:in_progress_cache_impl.cc(192)] Cache is not initialized, cannot RetrieveEntry.
Oct 09, 2018 12:19:33.50 [3352:18048:1009/121933.468:ERROR:in_progress_cache_impl.cc(192)] Cache is not initialized, cannot RetrieveEntry.
Oct 09, 2018 12:19:33.50 [3352:18048:1009/121933.468:ERROR:in_progress_cache_impl.cc(192)] Cache is not initialized, cannot RetrieveEntry.
Oct 09, 2018 12:19:33.50 [3352:18048:1009/121933.468:ERROR:in_progress_cache_impl.cc(192)] Cache is not initialized, cannot RetrieveEntry.
Oct 09, 2018 12:19:33.50 [3352:18048:1009/121933.468:ERROR:in_progress_cache_impl.cc(192)] Cache is not initialized, cannot RetrieveEntry.
Oct 09, 2018 12:19:33.50 [3352:18048:1009/121933.468:ERROR:in_progress_cache_impl.cc(192)] Cache is not initialized, cannot RetrieveEntry.
Oct 09, 2018 12:19:33.50 [3352:18048:1009/121933.468:ERROR:in_progress_cache_impl.cc(192)] Cache is not initialized, cannot RetrieveEntry.
Oct 09, 2018 12:19:33.50 [3352:18048:1009/121933.468:ERROR:in_progress_cache_impl.cc(192)] Cache is not initialized, cannot RetrieveEntry.
Oct 09, 2018 12:19:33.50 [3352:18048:1009/121933.468:ERROR:in_progress_cache_impl.cc(192)] Cache is not initialized, cannot RetrieveEntry.
Oct 09, 2018 12:19:33.50 [3352:18048:1009/121933.468:ERROR:in_progress_cache_impl.cc(192)] Cache is not initialized, cannot RetrieveEntry.
Oct 09, 2018 12:19:33.50 [3352:18048:1009/121933.468:ERROR:in_progress_cache_impl.cc(192)] Cache is not initialized, cannot RetrieveEntry.
Oct 09, 2018 12:19:33.50 [3352:18048:1009/121933.468:ERROR:in_progress_cache_impl.cc(192)] Cache is not initialized, cannot RetrieveEntry.
Oct 09, 2018 12:19:33.51 [3352:18048:1009/121933.468:ERROR:in_progress_cache_impl.cc(192)] Cache is not initialized, cannot RetrieveEntry.
Oct 09, 2018 12:19:33.51 [3352:18048:1009/121933.468:ERROR:in_progress_cache_impl.cc(192)] Cache is not initialized, cannot RetrieveEntry.
Oct 09, 2018 12:19:33.51 [3352:18048:1009/121933.468:ERROR:in_progress_cache_impl.cc(192)] Cache is not initialized, cannot RetrieveEntry.
Oct 09, 2018 12:33:29.49 [12592:18952:1009/123329.498:ERROR:in_progress_cache_impl.cc(192)] Cache is not initialized, cannot RetrieveEntry.
Oct 09, 2018 12:33:29.50 [12592:18952:1009/123329.498:ERROR:in_progress_cache_impl.cc(192)] Cache is not initialized, cannot RetrieveEntry.
Oct 09, 2018 12:33:29.50 [12592:18952:1009/123329.498:ERROR:in_progress_cache_impl.cc(192)] Cache is not initialized, cannot RetrieveEntry.
Oct 09, 2018 12:33:29.50 [12592:18952:1009/123329.498:ERROR:in_progress_cache_impl.cc(192)] Cache is not initialized, cannot RetrieveEntry.
Oct 09, 2018 12:33:29.50 [12592:18952:1009/123329.498:ERROR:in_progress_cache_impl.cc(192)] Cache is not initialized, cannot RetrieveEntry.
Oct 09, 2018 12:33:29.50 [12592:18952:1009/123329.498:ERROR:in_progress_cache_impl.cc(192)] Cache is not initialized, cannot RetrieveEntry.
Oct 09, 2018 12:33:29.50 [12592:18952:1009/123329.498:ERROR:in_progress_cache_impl.cc(192)] Cache is not initialized, cannot RetrieveEntry.
Oct 09, 2018 12:33:29.50 [12592:18952:1009/123329.498:ERROR:in_progress_cache_impl.cc(192)] Cache is not initialized, cannot RetrieveEntry.
Oct 09, 2018 12:33:29.50 [12592:18952:1009/123329.498:ERROR:in_progress_cache_impl.cc(192)] Cache is not initialized, cannot RetrieveEntry.
Oct 09, 2018 12:33:29.50 [12592:18952:1009/123329.499:ERROR:in_progress_cache_impl.cc(192)] Cache is not initialized, cannot RetrieveEntry.
Oct 09, 2018 12:33:29.50 [12592:18952:1009/123329.499:ERROR:in_progress_cache_impl.cc(192)] Cache is not initialized, cannot RetrieveEntry.
Oct 09, 2018 12:33:29.50 [12592:18952:1009/123329.499:ERROR:in_progress_cache_impl.cc(192)] Cache is not initialized, cannot RetrieveEntry.
Oct 09, 2018 12:33:29.50 [12592:18952:1009/123329.499:ERROR:in_progress_cache_impl.cc(192)] Cache is not initialized, cannot RetrieveEntry.
Oct 09, 2018 12:33:29.50 [12592:18952:1009/123329.499:ERROR:in_progress_cache_impl.cc(192)] Cache is not initialized, cannot RetrieveEntry.
Oct 09, 2018 12:33:29.50 [12592:18952:1009/123329.499:ERROR:in_progress_cache_impl.cc(192)] Cache is not initialized, cannot RetrieveEntry.
Oct 09, 2018 12:33:29.50 [12592:18952:1009/123329.499:ERROR:in_progress_cache_impl.cc(192)] Cache is not initialized, cannot RetrieveEntry.
Oct 09, 2018 12:33:29.50 [12592:18952:1009/123329.499:ERROR:in_progress_cache_impl.cc(192)] Cache is not initialized, cannot RetrieveEntry.
Oct 09, 2018 12:33:29.51 [12592:18952:1009/123329.499:ERROR:in_progress_cache_impl.cc(192)] Cache is not initialized, cannot RetrieveEntry.
Oct 09, 2018 12:33:29.51 [12592:18952:1009/123329.499:ERROR:in_progress_cache_impl.cc(192)] Cache is not initialized, cannot RetrieveEntry.
Oct 09, 2018 12:33:29.51 [12592:18952:1009/123329.499:ERROR:in_progress_cache_impl.cc(192)] Cache is not initialized, cannot RetrieveEntry.
Oct 09, 2018 12:33:29.51 [12592:18952:1009/123329.499:ERROR:in_progress_cache_impl.cc(192)] Cache is not initialized, cannot RetrieveEntry.
Oct 09, 2018 12:33:29.51 [12592:18952:1009/123329.499:ERROR:in_progress_cache_impl.cc(192)] Cache is not initialized, cannot RetrieveEntry.
Oct 09, 2018 12:33:29.51 [12592:18952:1009/123329.499:ERROR:in_progress_cache_impl.cc(192)] Cache is not initialized, cannot RetrieveEntry.
Oct 09, 2018 12:33:29.51 [12592:18952:1009/123329.499:ERROR:in_progress_cache_impl.cc(192)] Cache is not initialized, cannot RetrieveEntry.
Oct 09, 2018 12:33:29.51 [12592:18952:1009/123329.499:ERROR:in_progress_cache_impl.cc(192)] Cache is not initialized, cannot RetrieveEntry.
Oct 09, 2018 12:33:29.51 [12592:18952:1009/123329.499:ERROR:in_progress_cache_impl.cc(192)] Cache is not initialized, cannot RetrieveEntry.
Oct 09, 2018 12:33:29.51 [12592:18952:1009/123329.499:ERROR:in_progress_cache_impl.cc(192)] Cache is not initialized, cannot RetrieveEntry.
Oct 09, 2018 12:33:29.51 [12592:18952:1009/123329.499:ERROR:in_progress_cache_impl.cc(192)] Cache is not initialized, cannot RetrieveEntry.
Oct 09, 2018 12:33:29.51 [12592:18952:1009/123329.503:ERROR:in_progress_cache_impl.cc(192)] Cache is not initialized, cannot RetrieveEntry.
Oct 09, 2018 15:21:48.50 [12592:18952:1009/152148.508:ERROR:gcm_channel_status_request.cc(151)] GCM channel request failed.
Oct 09, 2018 15:22:17.19 [12592:18952:1009/152217.199:ERROR:gcm_channel_status_request.cc(151)] GCM channel request failed.

Oct 09, 2018 23:03:20.94 NEW SESSION
Oct 09, 2018 23:03:20.95 [16600:5192:1009/230320.940:ERROR:in_progress_cache_impl.cc(192)] Cache is not initialized, cannot RetrieveEntry.
Oct 09, 2018 23:03:20.99 [16600:5192:1009/230320.940:ERROR:in_progress_cache_impl.cc(192)] Cache is not initialized, cannot RetrieveEntry.
Oct 09, 2018 23:03:20.99 [16600:5192:1009/230320.940:ERROR:in_progress_cache_impl.cc(192)] Cache is not initialized, cannot RetrieveEntry.
Oct 09, 2018 23:03:20.99 [16600:5192:1009/230320.940:ERROR:in_progress_cache_impl.cc(192)] Cache is not initialized, cannot RetrieveEntry.
Oct 09, 2018 23:03:21.00 [16600:5192:1009/230320.940:ERROR:in_progress_cache_impl.cc(192)] Cache is not initialized, cannot RetrieveEntry.
Oct 09, 2018 23:03:21.00 [16600:5192:1009/230320.940:ERROR:in_progress_cache_impl.cc(192)] Cache is not initialized, cannot RetrieveEntry.
Oct 09, 2018 23:03:21.00 [16600:5192:1009/230320.940:ERROR:in_progress_cache_impl.cc(192)] Cache is not initialized, cannot RetrieveEntry.
Oct 09, 2018 23:03:21.00 [16600:5192:1009/230320.940:ERROR:in_progress_cache_impl.cc(192)] Cache is not initialized, cannot RetrieveEntry.
Oct 09, 2018 23:03:21.00 [16600:5192:1009/230320.941:ERROR:in_progress_cache_impl.cc(192)] Cache is not initialized, cannot RetrieveEntry.
Oct 09, 2018 23:03:21.00 [16600:5192:1009/230320.941:ERROR:in_progress_cache_impl.cc(192)] Cache is not initialized, cannot RetrieveEntry.
Oct 09, 2018 23:03:21.00 [16600:5192:1009/230320.941:ERROR:in_progress_cache_impl.cc(192)] Cache is not initialized, cannot RetrieveEntry.
Oct 09, 2018 23:03:21.00 [16600:5192:1009/230320.941:ERROR:in_progress_cache_impl.cc(192)] Cache is not initialized, cannot RetrieveEntry.
Oct 09, 2018 23:03:21.00 [16600:5192:1009/230320.941:ERROR:in_progress_cache_impl.cc(192)] Cache is not initialized, cannot RetrieveEntry.
Oct 09, 2018 23:03:21.00 [16600:5192:1009/230320.941:ERROR:in_progress_cache_impl.cc(192)] Cache is not initialized, cannot RetrieveEntry.
Oct 09, 2018 23:03:21.00 [16600:5192:1009/230320.941:ERROR:in_progress_cache_impl.cc(192)] Cache is not initialized, cannot RetrieveEntry.
Oct 09, 2018 23:03:21.00 [16600:5192:1009/230320.941:ERROR:in_progress_cache_impl.cc(192)] Cache is not initialized, cannot RetrieveEntry.
Oct 09, 2018 23:03:21.00 [16600:5192:1009/230320.941:ERROR:in_progress_cache_impl.cc(192)] Cache is not initialized, cannot RetrieveEntry.
Oct 09, 2018 23:03:21.00 [16600:5192:1009/230320.941:ERROR:in_progress_cache_impl.cc(192)] Cache is not initialized, cannot RetrieveEntry.
Oct 09, 2018 23:03:21.00 [16600:5192:1009/230320.941:ERROR:in_progress_cache_impl.cc(192)] Cache is not initialized, cannot RetrieveEntry.
Oct 09, 2018 23:03:21.00 [16600:5192:1009/230320.941:ERROR:in_progress_cache_impl.cc(192)] Cache is not initialized, cannot RetrieveEntry.
Oct 09, 2018 23:03:21.00 [16600:5192:1009/230320.941:ERROR:in_progress_cache_impl.cc(192)] Cache is not initialized, cannot RetrieveEntry.
Oct 09, 2018 23:03:21.00 [16600:5192:1009/230320.941:ERROR:in_progress_cache_impl.cc(192)] Cache is not initialized, cannot RetrieveEntry.
Oct 09, 2018 23:03:21.00 [16600:5192:1009/230320.941:ERROR:in_progress_cache_impl.cc(192)] Cache is not initialized, cannot RetrieveEntry.
Oct 09, 2018 23:03:21.00 [16600:5192:1009/230320.941:ERROR:in_progress_cache_impl.cc(192)] Cache is not initialized, cannot RetrieveEntry.
Oct 09, 2018 23:03:21.01 [16600:5192:1009/230320.941:ERROR:in_progress_cache_impl.cc(192)] Cache is not initialized, cannot RetrieveEntry.
Oct 09, 2018 23:03:21.01 [16600:5192:1009/230320.941:ERROR:in_progress_cache_impl.cc(192)] Cache is not initialized, cannot RetrieveEntry.
Oct 09, 2018 23:03:21.01 [16600:5192:1009/230320.941:ERROR:in_progress_cache_impl.cc(192)] Cache is not initialized, cannot RetrieveEntry.
Oct 09, 2018 23:03:21.01 [16600:5192:1009/230320.941:ERROR:in_progress_cache_impl.cc(192)] Cache is not initialized, cannot RetrieveEntry.
Oct 09, 2018 23:03:21.12 [16600:5192:1009/230320.941:ERROR:in_progress_cache_impl.cc(192)] Cache is not initialized, cannot RetrieveEntry.
Oct 09, 2018 23:07:16.82 [16600:5192:1009/230716.827:ERROR:gcm_channel_status_request.cc(151)] GCM channel request failed.
Oct 09, 2018 23:07:45.49 [16600:5192:1009/230745.492:ERROR:gcm_channel_status_request.cc(151)] GCM channel request failed.
Oct 09, 2018 23:21:09.47 [16600:4648:1009/232109.472:ERROR:ssl_client_socket_impl.cc(1050)] handshake failed; returned -1, SSL error code 1, net_error -101
Oct 09, 2018 23:21:10.08 [16600:4648:1009/232110.085:ERROR:ssl_client_socket_impl.cc(1050)] handshake failed; returned -1, SSL error code 1, net_error -101
Oct 09, 2018 23:23:09.55 [16600:4648:1009/232309.559:ERROR:ssl_client_socket_impl.cc(1050)] handshake failed; returned -1, SSL error code 1, net_error -101
Oct 09, 2018 23:31:21.15 [4116:17304:1009/233121.152:ERROR:in_progress_cache_impl.cc(192)] Cache is not initialized, cannot RetrieveEntry.
Oct 09, 2018 23:31:21.15 [4116:17304:1009/233121.152:ERROR:in_progress_cache_impl.cc(192)] Cache is not initialized, cannot RetrieveEntry.
Oct 09, 2018 23:31:21.15 [4116:17304:1009/233121.152:ERROR:in_progress_cache_impl.cc(192)] Cache is not initialized, cannot RetrieveEntry.
Oct 09, 2018 23:31:21.15 [4116:17304:1009/233121.152:ERROR:in_progress_cache_impl.cc(192)] Cache is not initialized, cannot RetrieveEntry.
Oct 09, 2018 23:31:21.15 [4116:17304:1009/233121.152:ERROR:in_progress_cache_impl.cc(192)] Cache is not initialized, cannot RetrieveEntry.
Oct 09, 2018 23:31:21.15 [4116:17304:1009/233121.152:ERROR:in_progress_cache_impl.cc(192)] Cache is not initialized, cannot RetrieveEntry.
Oct 09, 2018 23:31:21.15 [4116:17304:1009/233121.152:ERROR:in_progress_cache_impl.cc(192)] Cache is not initialized, cannot RetrieveEntry.
Oct 09, 2018 23:31:21.15 [4116:17304:1009/233121.152:ERROR:in_progress_cache_impl.cc(192)] Cache is not initialized, cannot RetrieveEntry.
Oct 09, 2018 23:31:21.15 [4116:17304:1009/233121.152:ERROR:in_progress_cache_impl.cc(192)] Cache is not initialized, cannot RetrieveEntry.
Oct 09, 2018 23:31:21.15 [4116:17304:1009/233121.152:ERROR:in_progress_cache_impl.cc(192)] Cache is not initialized, cannot RetrieveEntry.
Oct 09, 2018 23:31:21.15 [4116:17304:1009/233121.152:ERROR:in_progress_cache_impl.cc(192)] Cache is not initialized, cannot RetrieveEntry.
Oct 09, 2018 23:31:21.15 [4116:17304:1009/233121.152:ERROR:in_progress_cache_impl.cc(192)] Cache is not initialized, cannot RetrieveEntry.
Oct 09, 2018 23:31:21.15 [4116:17304:1009/233121.152:ERROR:in_progress_cache_impl.cc(192)] Cache is not initialized, cannot RetrieveEntry.
Oct 09, 2018 23:31:21.15 [4116:17304:1009/233121.152:ERROR:in_progress_cache_impl.cc(192)] Cache is not initialized, cannot RetrieveEntry.
Oct 09, 2018 23:31:21.15 [4116:17304:1009/233121.152:ERROR:in_progress_cache_impl.cc(192)] Cache is not initialized, cannot RetrieveEntry.
Oct 09, 2018 23:31:21.15 [4116:17304:1009/233121.152:ERROR:in_progress_cache_impl.cc(192)] Cache is not initialized, cannot RetrieveEntry.
Oct 09, 2018 23:31:21.15 [4116:17304:1009/233121.152:ERROR:in_progress_cache_impl.cc(192)] Cache is not initialized, cannot RetrieveEntry.
Oct 09, 2018 23:31:21.15 [4116:17304:1009/233121.152:ERROR:in_progress_cache_impl.cc(192)] Cache is not initialized, cannot RetrieveEntry.
Oct 09, 2018 23:31:21.15 [4116:17304:1009/233121.152:ERROR:in_progress_cache_impl.cc(192)] Cache is not initialized, cannot RetrieveEntry.
Oct 09, 2018 23:31:21.16 [4116:17304:1009/233121.152:ERROR:in_progress_cache_impl.cc(192)] Cache is not initialized, cannot RetrieveEntry.
Oct 09, 2018 23:31:21.16 [4116:17304:1009/233121.152:ERROR:in_progress_cache_impl.cc(192)] Cache is not initialized, cannot RetrieveEntry.
Oct 09, 2018 23:31:21.16 [4116:17304:1009/233121.152:ERROR:in_progress_cache_impl.cc(192)] Cache is not initialized, cannot RetrieveEntry.
Oct 09, 2018 23:31:21.16 [4116:17304:1009/233121.152:ERROR:in_progress_cache_impl.cc(192)] Cache is not initialized, cannot RetrieveEntry.
Oct 09, 2018 23:31:21.16 [4116:17304:1009/233121.152:ERROR:in_progress_cache_impl.cc(192)] Cache is not initialized, cannot RetrieveEntry.
Oct 09, 2018 23:31:21.16 [4116:17304:1009/233121.152:ERROR:in_progress_cache_impl.cc(192)] Cache is not initialized, cannot RetrieveEntry.
Oct 09, 2018 23:31:21.16 [4116:17304:1009/233121.152:ERROR:in_progress_cache_impl.cc(192)] Cache is not initialized, cannot RetrieveEntry.
Oct 09, 2018 23:31:21.16 [4116:17304:1009/233121.152:ERROR:in_progress_cache_impl.cc(192)] Cache is not initialized, cannot RetrieveEntry.
Oct 09, 2018 23:31:21.16 [4116:17304:1009/233121.153:ERROR:in_progress_cache_impl.cc(192)] Cache is not initialized, cannot RetrieveEntry.
Oct 09, 2018 23:31:21.16 [4116:17304:1009/233121.153:ERROR:in_progress_cache_impl.cc(192)] Cache is not initialized, cannot RetrieveEntry.

Oct 10, 2018 11:24:26.88 NEW SESSION
Oct 10, 2018 11:24:26.88 [14636:1624:1010/112426.868:ERROR:in_progress_cache_impl.cc(192)] Cache is not initialized, cannot RetrieveEntry.
Oct 10, 2018 11:24:26.96 [14636:1624:1010/112426.868:ERROR:in_progress_cache_impl.cc(192)] Cache is not initialized, cannot RetrieveEntry.
Oct 10, 2018 11:24:26.96 [14636:1624:1010/112426.868:ERROR:in_progress_cache_impl.cc(192)] Cache is not initialized, cannot RetrieveEntry.
Oct 10, 2018 11:24:26.96 [14636:1624:1010/112426.868:ERROR:in_progress_cache_impl.cc(192)] Cache is not initialized, cannot RetrieveEntry.
Oct 10, 2018 11:24:26.96 [14636:1624:1010/112426.868:ERROR:in_progress_cache_impl.cc(192)] Cache is not initialized, cannot RetrieveEntry.
Oct 10, 2018 11:24:26.96 [14636:1624:1010/112426.868:ERROR:in_progress_cache_impl.cc(192)] Cache is not initialized, cannot RetrieveEntry.
Oct 10, 2018 11:24:26.96 [14636:1624:1010/112426.868:ERROR:in_progress_cache_impl.cc(192)] Cache is not initialized, cannot RetrieveEntry.
Oct 10, 2018 11:24:26.96 [14636:1624:1010/112426.868:ERROR:in_progress_cache_impl.cc(192)] Cache is not initialized, cannot RetrieveEntry.
Oct 10, 2018 11:24:26.96 [14636:1624:1010/112426.868:ERROR:in_progress_cache_impl.cc(192)] Cache is not initialized, cannot RetrieveEntry.
Oct 10, 2018 11:24:26.96 [14636:1624:1010/112426.868:ERROR:in_progress_cache_impl.cc(192)] Cache is not initialized, cannot RetrieveEntry.
Oct 10, 2018 11:24:26.97 [14636:1624:1010/112426.868:ERROR:in_progress_cache_impl.cc(192)] Cache is not initialized, cannot RetrieveEntry.
Oct 10, 2018 11:24:26.97 [14636:1624:1010/112426.868:ERROR:in_progress_cache_impl.cc(192)] Cache is not initialized, cannot RetrieveEntry.
Oct 10, 2018 11:24:26.97 [14636:1624:1010/112426.868:ERROR:in_progress_cache_impl.cc(192)] Cache is not initialized, cannot RetrieveEntry.
Oct 10, 2018 11:24:26.97 [14636:1624:1010/112426.869:ERROR:in_progress_cache_impl.cc(192)] Cache is not initialized, cannot RetrieveEntry.
Oct 10, 2018 11:24:26.97 [14636:1624:1010/112426.869:ERROR:in_progress_cache_impl.cc(192)] Cache is not initialized, cannot RetrieveEntry.
Oct 10, 2018 11:24:26.97 [14636:1624:1010/112426.869:ERROR:in_progress_cache_impl.cc(192)] Cache is not initialized, cannot RetrieveEntry.
Oct 10, 2018 11:24:26.97 [14636:1624:1010/112426.869:ERROR:in_progress_cache_impl.cc(192)] Cache is not initialized, cannot RetrieveEntry.
Oct 10, 2018 11:24:26.97 [14636:1624:1010/112426.869:ERROR:in_progress_cache_impl.cc(192)] Cache is not initialized, cannot RetrieveEntry.
Oct 10, 2018 11:24:26.97 [14636:1624:1010/112426.869:ERROR:in_progress_cache_impl.cc(192)] Cache is not initialized, cannot RetrieveEntry.
Oct 10, 2018 11:24:26.97 [14636:1624:1010/112426.869:ERROR:in_progress_cache_impl.cc(192)] Cache is not initialized, cannot RetrieveEntry.
Oct 10, 2018 11:24:26.97 [14636:1624:1010/112426.869:ERROR:in_progress_cache_impl.cc(192)] Cache is not initialized, cannot RetrieveEntry.
Oct 10, 2018 11:24:26.97 [14636:1624:1010/112426.869:ERROR:in_progress_cache_impl.cc(192)] Cache is not initialized, cannot RetrieveEntry.
Oct 10, 2018 11:24:26.97 [14636:1624:1010/112426.869:ERROR:in_progress_cache_impl.cc(192)] Cache is not initialized, cannot RetrieveEntry.
Oct 10, 2018 11:24:26.97 [14636:1624:1010/112426.869:ERROR:in_progress_cache_impl.cc(192)] Cache is not initialized, cannot RetrieveEntry.
Oct 10, 2018 11:24:26.97 [14636:1624:1010/112426.869:ERROR:in_progress_cache_impl.cc(192)] Cache is not initialized, cannot RetrieveEntry.
Oct 10, 2018 11:24:26.97 [14636:1624:1010/112426.869:ERROR:in_progress_cache_impl.cc(192)] Cache is not initialized, cannot RetrieveEntry.
Oct 10, 2018 11:24:26.97 [14636:1624:1010/112426.869:ERROR:in_progress_cache_impl.cc(192)] Cache is not initialized, cannot RetrieveEntry.
Oct 10, 2018 11:24:26.97 [14636:1624:1010/112426.869:ERROR:in_progress_cache_impl.cc(192)] Cache is not initialized, cannot RetrieveEntry.
Oct 10, 2018 11:24:26.97 [14636:1624:1010/112426.869:ERROR:in_progress_cache_impl.cc(192)] Cache is not initialized, cannot RetrieveEntry.
Oct 10, 2018 11:34:57.27 [17836:3012:1010/113457.259:ERROR:in_progress_cache_impl.cc(192)] Cache is not initialized, cannot RetrieveEntry.
Oct 10, 2018 11:34:57.28 [17836:3012:1010/113457.260:ERROR:in_progress_cache_impl.cc(192)] Cache is not initialized, cannot RetrieveEntry.
Oct 10, 2018 11:34:57.28 [17836:3012:1010/113457.260:ERROR:in_progress_cache_impl.cc(192)] Cache is not initialized, cannot RetrieveEntry.
Oct 10, 2018 11:34:57.28 [17836:3012:1010/113457.260:ERROR:in_progress_cache_impl.cc(192)] Cache is not initialized, cannot RetrieveEntry.
Oct 10, 2018 11:34:57.28 [17836:3012:1010/113457.260:ERROR:in_progress_cache_impl.cc(192)] Cache is not initialized, cannot RetrieveEntry.
Oct 10, 2018 11:34:57.28 [17836:3012:1010/113457.260:ERROR:in_progress_cache_impl.cc(192)] Cache is not initialized, cannot RetrieveEntry.
Oct 10, 2018 11:34:57.28 [17836:3012:1010/113457.260:ERROR:in_progress_cache_impl.cc(192)] Cache is not initialized, cannot RetrieveEntry.
Oct 10, 2018 11:34:57.28 [17836:3012:1010/113457.261:ERROR:in_progress_cache_impl.cc(192)] Cache is not initialized, cannot RetrieveEntry.
Oct 10, 2018 11:34:57.28 [17836:3012:1010/113457.261:ERROR:in_progress_cache_impl.cc(192)] Cache is not initialized, cannot RetrieveEntry.
Oct 10, 2018 11:34:57.28 [17836:3012:1010/113457.261:ERROR:in_progress_cache_impl.cc(192)] Cache is not initialized, cannot RetrieveEntry.
Oct 10, 2018 11:34:57.28 [17836:3012:1010/113457.261:ERROR:in_progress_cache_impl.cc(192)] Cache is not initialized, cannot RetrieveEntry.
Oct 10, 2018 11:34:57.28 [17836:3012:1010/113457.261:ERROR:in_progress_cache_impl.cc(192)] Cache is not initialized, cannot RetrieveEntry.
Oct 10, 2018 11:34:57.28 [17836:3012:1010/113457.261:ERROR:in_progress_cache_impl.cc(192)] Cache is not initialized, cannot RetrieveEntry.
Oct 10, 2018 11:34:57.28 [17836:3012:1010/113457.261:ERROR:in_progress_cache_impl.cc(192)] Cache is not initialized, cannot RetrieveEntry.
Oct 10, 2018 11:34:57.28 [17836:3012:1010/113457.261:ERROR:in_progress_cache_impl.cc(192)] Cache is not initialized, cannot RetrieveEntry.
Oct 10, 2018 11:34:57.28 [17836:3012:1010/113457.261:ERROR:in_progress_cache_impl.cc(192)] Cache is not initialized, cannot RetrieveEntry.
Oct 10, 2018 11:34:57.28 [17836:3012:1010/113457.262:ERROR:in_progress_cache_impl.cc(192)] Cache is not initialized, cannot RetrieveEntry.
Oct 10, 2018 11:34:57.28 [17836:3012:1010/113457.262:ERROR:in_progress_cache_impl.cc(192)] Cache is not initialized, cannot RetrieveEntry.
Oct 10, 2018 11:34:57.28 [17836:3012:1010/113457.262:ERROR:in_progress_cache_impl.cc(192)] Cache is not initialized, cannot RetrieveEntry.
Oct 10, 2018 11:34:57.28 [17836:3012:1010/113457.262:ERROR:in_progress_cache_impl.cc(192)] Cache is not initialized, cannot RetrieveEntry.
Oct 10, 2018 11:34:57.28 [17836:3012:1010/113457.262:ERROR:in_progress_cache_impl.cc(192)] Cache is not initialized, cannot RetrieveEntry.
Oct 10, 2018 11:34:57.28 [17836:3012:1010/113457.262:ERROR:in_progress_cache_impl.cc(192)] Cache is not initialized, cannot RetrieveEntry.
Oct 10, 2018 11:34:57.28 [17836:3012:1010/113457.262:ERROR:in_progress_cache_impl.cc(192)] Cache is not initialized, cannot RetrieveEntry.
Oct 10, 2018 11:34:57.28 [17836:3012:1010/113457.262:ERROR:in_progress_cache_impl.cc(192)] Cache is not initialized, cannot RetrieveEntry.
Oct 10, 2018 11:34:57.28 [17836:3012:1010/113457.262:ERROR:in_progress_cache_impl.cc(192)] Cache is not initialized, cannot RetrieveEntry.
Oct 10, 2018 11:34:57.29 [17836:3012:1010/113457.262:ERROR:in_progress_cache_impl.cc(192)] Cache is not initialized, cannot RetrieveEntry.
Oct 10, 2018 11:34:57.29 [17836:3012:1010/113457.262:ERROR:in_progress_cache_impl.cc(192)] Cache is not initialized, cannot RetrieveEntry.
Oct 10, 2018 11:34:57.29 [17836:3012:1010/113457.262:ERROR:in_progress_cache_impl.cc(192)] Cache is not initialized, cannot RetrieveEntry.
Oct 10, 2018 11:34:57.29 [17836:3012:1010/113457.262:ERROR:in_progress_cache_impl.cc(192)] Cache is not initialized, cannot RetrieveEntry.
Oct 10, 2018 11:35:27.15 [17836:3012:1010/113527.151:ERROR:gcm_channel_status_request.cc(151)] GCM channel request failed.
Oct 10, 2018 11:35:50.34 [17836:3012:1010/113550.339:ERROR:gcm_channel_status_request.cc(151)] GCM channel request failed.
Oct 10, 2018 11:36:42.10 [17836:3012:1010/113642.106:ERROR:gcm_channel_status_request.cc(151)] GCM channel request failed.
Oct 10, 2018 11:38:18.22 [17836:3012:1010/113818.227:ERROR:gcm_channel_status_request.cc(151)] GCM channel request failed.
Oct 10, 2018 11:41:43.81 [17836:3012:1010/114143.816:ERROR:gcm_channel_status_request.cc(151)] GCM channel request failed.

Oct 11, 2018 11:32:18.99 NEW SESSION
Oct 11, 2018 11:32:18.99 [14560:15376:1011/113218.987:ERROR:ssl_client_socket_impl.cc(1050)] handshake failed; returned -1, SSL error code 1, net_error -101
Oct 11, 2018 11:32:19.01 [14560:15376:1011/113218.987:ERROR:ssl_client_socket_impl.cc(1050)] handshake failed; returned -1, SSL error code 1, net_error -101
Oct 11, 2018 11:32:19.10 [14560:15376:1011/113219.098:ERROR:ssl_client_socket_impl.cc(1050)] handshake failed; returned -1, SSL error code 1, net_error -101
Oct 11, 2018 11:32:19.19 [14560:15376:1011/113219.180:ERROR:ssl_client_socket_impl.cc(1050)] handshake failed; returned -1, SSL error code 1, net_error -101
Oct 11, 2018 11:32:19.20 [14560:15376:1011/113219.200:ERROR:ssl_client_socket_impl.cc(1050)] handshake failed; returned -1, SSL error code 1, net_error -101
Oct 11, 2018 11:32:19.39 [14560:15376:1011/113219.399:ERROR:ssl_client_socket_impl.cc(1050)] handshake failed; returned -1, SSL error code 1, net_error -101
Oct 11, 2018 11:32:27.59 [14560:15376:1011/113227.595:ERROR:ssl_client_socket_impl.cc(1050)] handshake failed; returned -1, SSL error code 1, net_error -101
Oct 11, 2018 11:32:27.61 [14560:15376:1011/113227.617:ERROR:ssl_client_socket_impl.cc(1050)] handshake failed; returned -1, SSL error code 1, net_error -101
Oct 11, 2018 11:32:27.67 [14560:15376:1011/113227.673:ERROR:ssl_client_socket_impl.cc(1050)] handshake failed; returned -1, SSL error code 1, net_error -101
Oct 11, 2018 11:32:27.74 [14560:15376:1011/113227.747:ERROR:ssl_client_socket_impl.cc(1050)] handshake failed; returned -1, SSL error code 1, net_error -101
Oct 11, 2018 11:34:15.66 [14560:15376:1011/113415.661:ERROR:ssl_client_socket_impl.cc(1050)] handshake failed; returned -1, SSL error code 1, net_error -101
Oct 11, 2018 11:36:19.36 [14560:15376:1011/113619.367:ERROR:ssl_client_socket_impl.cc(1050)] handshake failed; returned -1, SSL error code 1, net_error -101
Oct 11, 2018 11:36:19.47 [14560:15376:1011/113619.469:ERROR:ssl_client_socket_impl.cc(1050)] handshake failed; returned -1, SSL error code 1, net_error -101
Oct 11, 2018 11:38:18.26 [14560:15376:1011/113818.260:ERROR:ssl_client_socket_impl.cc(1050)] handshake failed; returned -1, SSL error code 1, net_error -101
Oct 11, 2018 11:38:18.56 [14560:15376:1011/113818.565:ERROR:ssl_client_socket_impl.cc(1050)] handshake failed; returned -1, SSL error code 1, net_error -101
Oct 11, 2018 11:40:51.63 [14560:15376:1011/114051.631:ERROR:ssl_client_socket_impl.cc(1050)] handshake failed; returned -1, SSL error code 1, net_error -101
Oct 11, 2018 11:40:51.75 [14560:15376:1011/114051.756:ERROR:ssl_client_socket_impl.cc(1050)] handshake failed; returned -1, SSL error code 1, net_error -101
Oct 11, 2018 11:40:51.76 [14560:15376:1011/114051.766:ERROR:ssl_client_socket_impl.cc(1050)] handshake failed; returned -1, SSL error code 1, net_error -101
Oct 11, 2018 11:40:52.09 [14560:15376:1011/114052.091:ERROR:ssl_client_socket_impl.cc(1050)] handshake failed; returned -1, SSL error code 1, net_error -101
Oct 11, 2018 11:40:52.10 [14560:15376:1011/114052.100:ERROR:ssl_client_socket_impl.cc(1050)] handshake failed; returned -1, SSL error code 1, net_error -101
Oct 11, 2018 11:40:52.57 [14560:15376:1011/114052.570:ERROR:ssl_client_socket_impl.cc(1050)] handshake failed; returned -1, SSL error code 1, net_error -101
Oct 11, 2018 11:40:52.58 [14560:15376:1011/114052.587:ERROR:ssl_client_socket_impl.cc(1050)] handshake failed; returned -1, SSL error code 1, net_error -101
Oct 11, 2018 11:40:52.70 [14560:15376:1011/114052.707:ERROR:ssl_client_socket_impl.cc(1050)] handshake failed; returned -1, SSL error code 1, net_error -101
Oct 11, 2018 11:40:52.73 [14560:15376:1011/114052.731:ERROR:ssl_client_socket_impl.cc(1050)] handshake failed; returned -1, SSL error code 1, net_error -101
Oct 11, 2018 11:40:52.81 [14560:15376:1011/114052.814:ERROR:ssl_client_socket_impl.cc(1050)] handshake failed; returned -1, SSL error code 1, net_error -101
Oct 11, 2018 11:40:52.84 [14560:15376:1011/114052.846:ERROR:ssl_client_socket_impl.cc(1050)] handshake failed; returned -1, SSL error code 1, net_error -101
Oct 11, 2018 11:40:56.92 [14560:15376:1011/114056.925:ERROR:ssl_client_socket_impl.cc(1050)] handshake failed; returned -1, SSL error code 1, net_error -101
Oct 11, 2018 11:41:16.67 [14560:15376:1011/114116.673:ERROR:ssl_client_socket_impl.cc(1050)] handshake failed; returned -1, SSL error code 1, net_error -101
Oct 11, 2018 11:41:18.37 [14560:15376:1011/114118.377:ERROR:ssl_client_socket_impl.cc(1050)] handshake failed; returned -1, SSL error code 1, net_error -101
Oct 11, 2018 11:41:18.53 [14560:15376:1011/114118.530:ERROR:ssl_client_socket_impl.cc(1050)] handshake failed; returned -1, SSL error code 1, net_error -101
Oct 11, 2018 11:41:18.53 [14560:15376:1011/114118.531:ERROR:ssl_client_socket_impl.cc(1050)] handshake failed; returned -1, SSL error code 1, net_error -101
Oct 11, 2018 11:41:18.85 [14560:15376:1011/114118.851:ERROR:ssl_client_socket_impl.cc(1050)] handshake failed; returned -1, SSL error code 1, net_error -101
Oct 11, 2018 11:41:18.95 [14560:15376:1011/114118.952:ERROR:ssl_client_socket_impl.cc(1050)] handshake failed; returned -1, SSL error code 1, net_error -101
Oct 11, 2018 11:41:19.25 [14560:15376:1011/114119.256:ERROR:ssl_client_socket_impl.cc(1050)] handshake failed; returned -1, SSL error code 1, net_error -101
Oct 11, 2018 11:41:19.26 [14560:15376:1011/114119.268:ERROR:ssl_client_socket_impl.cc(1050)] handshake failed; returned -1, SSL error code 1, net_error -101
Oct 11, 2018 11:41:53.70 [14560:15376:1011/114153.708:ERROR:ssl_client_socket_impl.cc(1050)] handshake failed; returned -1, SSL error code 1, net_error -101
Oct 11, 2018 11:41:53.71 [14560:15376:1011/114153.717:ERROR:ssl_client_socket_impl.cc(1050)] handshake failed; returned -1, SSL error code 1, net_error -101
Oct 11, 2018 11:45:40.86 [14560:15376:1011/114540.867:ERROR:ssl_client_socket_impl.cc(1050)] handshake failed; returned -1, SSL error code 1, net_error -101
Oct 11, 2018 11:45:42.14 [14560:15376:1011/114542.138:ERROR:ssl_client_socket_impl.cc(1050)] handshake failed; returned -1, SSL error code 1, net_error -101
Oct 11, 2018 11:48:05.13 [14560:15376:1011/114805.137:ERROR:ssl_client_socket_impl.cc(1050)] handshake failed; returned -1, SSL error code 1, net_error -101
Oct 11, 2018 11:48:05.64 [14560:15376:1011/114805.647:ERROR:ssl_client_socket_impl.cc(1050)] handshake failed; returned -1, SSL error code 1, net_error -101
Oct 11, 2018 11:48:05.65 [14560:15376:1011/114805.651:ERROR:ssl_client_socket_impl.cc(1050)] handshake failed; returned -1, SSL error code 1, net_error -101
Oct 11, 2018 11:48:17.43 [14560:15376:1011/114817.438:ERROR:ssl_client_socket_impl.cc(1050)] handshake failed; returned -1, SSL error code 1, net_error -101
Oct 11, 2018 11:48:17.44 [14560:15376:1011/114817.442:ERROR:ssl_client_socket_impl.cc(1050)] handshake failed; returned -1, SSL error code 1, net_error -101
Oct 11, 2018 11:48:17.45 [14560:15376:1011/114817.453:ERROR:ssl_client_socket_impl.cc(1050)] handshake failed; returned -1, SSL error code 1, net_error -101
Oct 11, 2018 11:48:17.45 [14560:15376:1011/114817.454:ERROR:ssl_client_socket_impl.cc(1050)] handshake failed; returned -1, SSL error code 1, net_error -101
Oct 11, 2018 11:48:17.45 [14560:15376:1011/114817.454:ERROR:ssl_client_socket_impl.cc(1050)] handshake failed; returned -1, SSL error code 1, net_error -101
Oct 11, 2018 11:48:17.45 [14560:15376:1011/114817.454:ERROR:ssl_client_socket_impl.cc(1050)] handshake failed; returned -1, SSL error code 1, net_error -101
Oct 11, 2018 11:48:17.45 [14560:15376:1011/114817.456:ERROR:ssl_client_socket_impl.cc(1050)] handshake failed; returned -1, SSL error code 1, net_error -101
Oct 11, 2018 11:48:17.46 [14560:15376:1011/114817.469:ERROR:ssl_client_socket_impl.cc(1050)] handshake failed; returned -1, SSL error code 1, net_error -101
Oct 11, 2018 11:48:17.47 [14560:15376:1011/114817.469:ERROR:ssl_client_socket_impl.cc(1050)] handshake failed; returned -1, SSL error code 1, net_error -101
Oct 11, 2018 11:48:17.47 [14560:15376:1011/114817.469:ERROR:ssl_client_socket_impl.cc(1050)] handshake failed; returned -1, SSL error code 1, net_error -101
Oct 11, 2018 11:48:17.47 [14560:15376:1011/114817.469:ERROR:ssl_client_socket_impl.cc(1050)] handshake failed; returned -1, SSL error code 1, net_error -101
Oct 11, 2018 11:48:31.06 [14560:15376:1011/114831.063:ERROR:ssl_client_socket_impl.cc(1050)] handshake failed; returned -1, SSL error code 1, net_error -101
Oct 11, 2018 11:48:33.88 [14560:15376:1011/114833.884:ERROR:ssl_client_socket_impl.cc(1050)] handshake failed; returned -1, SSL error code 1, net_error -101
Oct 11, 2018 11:48:33.89 [14560:15376:1011/114833.893:ERROR:ssl_client_socket_impl.cc(1050)] handshake failed; returned -1, SSL error code 1, net_error -101
Oct 11, 2018 11:48:54.28 [14560:15376:1011/114854.284:ERROR:ssl_client_socket_impl.cc(1050)] handshake failed; returned -1, SSL error code 1, net_error -101
Oct 11, 2018 11:48:56.18 [14560:15376:1011/114856.181:ERROR:ssl_client_socket_impl.cc(1050)] handshake failed; returned -1, SSL error code 1, net_error -101
Oct 11, 2018 11:48:56.21 [14560:15376:1011/114856.215:ERROR:ssl_client_socket_impl.cc(1050)] handshake failed; returned -1, SSL error code 1, net_error -101
Oct 11, 2018 11:49:04.82 [14560:15376:1011/114904.829:ERROR:ssl_client_socket_impl.cc(1050)] handshake failed; returned -1, SSL error code 1, net_error -101
Oct 11, 2018 11:49:08.01 [14560:15376:1011/114908.018:ERROR:ssl_client_socket_impl.cc(1050)] handshake failed; returned -1, SSL error code 1, net_error -101
Oct 11, 2018 11:50:09.27 [14560:15376:1011/115009.272:ERROR:ssl_client_socket_impl.cc(1050)] handshake failed; returned -1, SSL error code 1, net_error -101
Oct 11, 2018 11:50:36.89 [14560:15376:1011/115036.889:ERROR:ssl_client_socket_impl.cc(1050)] handshake failed; returned -1, SSL error code 1, net_error -101
Oct 11, 2018 11:50:37.05 [14560:15376:1011/115037.058:ERROR:ssl_client_socket_impl.cc(1050)] handshake failed; returned -1, SSL error code 1, net_error -101
Oct 11, 2018 11:51:08.82 [14560:15376:1011/115108.824:ERROR:ssl_client_socket_impl.cc(1050)] handshake failed; returned -1, SSL error code 1, net_error -101
Oct 11, 2018 11:51:08.92 [14560:15376:1011/115108.923:ERROR:ssl_client_socket_impl.cc(1050)] handshake failed; returned -1, SSL error code 1, net_error -101
Oct 11, 2018 11:51:09.02 [14560:15376:1011/115109.020:ERROR:ssl_client_socket_impl.cc(1050)] handshake failed; returned -1, SSL error code 1, net_error -101
Oct 11, 2018 11:51:10.32 [14560:15376:1011/115110.322:ERROR:ssl_client_socket_impl.cc(1050)] handshake failed; returned -1, SSL error code 1, net_error -101
Oct 11, 2018 11:51:10.36 [14560:15376:1011/115110.362:ERROR:ssl_client_socket_impl.cc(1050)] handshake failed; returned -1, SSL error code 1, net_error -101
Oct 11, 2018 11:51:10.41 [14560:15376:1011/115110.411:ERROR:ssl_client_socket_impl.cc(1050)] handshake failed; returned -1, SSL error code 1, net_error -101
Oct 11, 2018 11:51:10.50 [14560:15376:1011/115110.509:ERROR:ssl_client_socket_impl.cc(1050)] handshake failed; returned -1, SSL error code 1, net_error -101
Oct 11, 2018 11:51:10.94 [14560:15376:1011/115110.940:ERROR:ssl_client_socket_impl.cc(1050)] handshake failed; returned -1, SSL error code 1, net_error -101
Oct 11, 2018 11:51:24.43 [14560:15376:1011/115124.436:ERROR:ssl_client_socket_impl.cc(1050)] handshake failed; returned -1, SSL error code 1, net_error -101
Oct 11, 2018 11:51:24.67 [14560:15376:1011/115124.675:ERROR:ssl_client_socket_impl.cc(1050)] handshake failed; returned -1, SSL error code 1, net_error -101
Oct 11, 2018 11:51:25.07 [14560:15376:1011/115125.079:ERROR:ssl_client_socket_impl.cc(1050)] handshake failed; returned -1, SSL error code 1, net_error -101
Oct 11, 2018 11:51:25.09 [14560:15376:1011/115125.094:ERROR:ssl_client_socket_impl.cc(1050)] handshake failed; returned -1, SSL error code 1, net_error -101
Oct 11, 2018 11:51:26.00 [14560:15376:1011/115126.004:ERROR:ssl_client_socket_impl.cc(1050)] handshake failed; returned -1, SSL error code 1, net_error -101
Oct 11, 2018 11:51:26.02 [14560:15376:1011/115126.027:ERROR:ssl_client_socket_impl.cc(1050)] handshake failed; returned -1, SSL error code 1, net_error -101
Oct 11, 2018 11:51:26.17 [14560:15376:1011/115126.178:ERROR:ssl_client_socket_impl.cc(1050)] handshake failed; returned -1, SSL error code 1, net_error -101
Oct 11, 2018 11:51:26.18 [14560:15376:1011/115126.187:ERROR:ssl_client_socket_impl.cc(1050)] handshake failed; returned -1, SSL error code 1, net_error -101
Oct 11, 2018 11:51:26.23 [14560:15376:1011/115126.233:ERROR:ssl_client_socket_impl.cc(1050)] handshake failed; returned -1, SSL error code 1, net_error -101
Oct 11, 2018 11:51:26.25 [14560:15376:1011/115126.250:ERROR:ssl_client_socket_impl.cc(1050)] handshake failed; returned -1, SSL error code 1, net_error -101
Oct 11, 2018 11:51:26.28 [14560:15376:1011/115126.284:ERROR:ssl_client_socket_impl.cc(1050)] handshake failed; returned -1, SSL error code 1, net_error -101
Oct 11, 2018 11:51:26.34 [14560:15376:1011/115126.344:ERROR:ssl_client_socket_impl.cc(1050)] handshake failed; returned -1, SSL error code 1, net_error -101
Oct 11, 2018 11:51:26.34 [14560:15376:1011/115126.345:ERROR:ssl_client_socket_impl.cc(1050)] handshake failed; returned -1, SSL error code 1, net_error -101
Oct 11, 2018 11:51:26.35 [14560:15376:1011/115126.357:ERROR:ssl_client_socket_impl.cc(1050)] handshake failed; returned -1, SSL error code 1, net_error -101
Oct 11, 2018 11:51:26.51 [14560:15376:1011/115126.515:ERROR:ssl_client_socket_impl.cc(1050)] handshake failed; returned -1, SSL error code 1, net_error -101
Oct 11, 2018 11:51:26.68 [14560:15376:1011/115126.684:ERROR:ssl_client_socket_impl.cc(1050)] handshake failed; returned -1, SSL error code 1, net_error -101
Oct 11, 2018 11:51:26.85 [14560:15376:1011/115126.853:ERROR:ssl_client_socket_impl.cc(1050)] handshake failed; returned -1, SSL error code 1, net_error -101
Oct 11, 2018 11:51:27.07 [14560:15376:1011/115127.077:ERROR:ssl_client_socket_impl.cc(1050)] handshake failed; returned -1, SSL error code 1, net_error -101
Oct 11, 2018 11:51:27.38 [14560:15376:1011/115127.386:ERROR:ssl_client_socket_impl.cc(1050)] handshake failed; returned -1, SSL error code 1, net_error -101
Oct 11, 2018 11:51:27.39 [14560:15376:1011/115127.395:ERROR:ssl_client_socket_impl.cc(1050)] handshake failed; returned -1, SSL error code 1, net_error -101
Oct 11, 2018 11:51:28.17 [14560:15376:1011/115128.173:ERROR:ssl_client_socket_impl.cc(1050)] handshake failed; returned -1, SSL error code 1, net_error -101
Oct 11, 2018 11:51:28.18 [14560:15376:1011/115128.186:ERROR:ssl_client_socket_impl.cc(1050)] handshake failed; returned -1, SSL error code 1, net_error -101
Oct 11, 2018 11:51:53.93 [14560:15376:1011/115153.938:ERROR:ssl_client_socket_impl.cc(1050)] handshake failed; returned -1, SSL error code 1, net_error -101
Oct 11, 2018 11:51:53.94 [14560:15376:1011/115153.949:ERROR:ssl_client_socket_impl.cc(1050)] handshake failed; returned -1, SSL error code 1, net_error -101
Oct 11, 2018 11:53:20.92 [14560:15376:1011/115320.926:ERROR:ssl_client_socket_impl.cc(1050)] handshake failed; returned -1, SSL error code 1, net_error -101
Oct 11, 2018 11:53:20.93 [14560:15376:1011/115320.937:ERROR:ssl_client_socket_impl.cc(1050)] handshake failed; returned -1, SSL error code 1, net_error -101
Oct 11, 2018 11:54:09.36 [14560:15376:1011/115409.367:ERROR:ssl_client_socket_impl.cc(1050)] handshake failed; returned -1, SSL error code 1, net_error -101
Oct 11, 2018 11:55:19.44 [14560:15376:1011/115519.446:ERROR:ssl_client_socket_impl.cc(1050)] handshake failed; returned -1, SSL error code 1, net_error -101
Oct 11, 2018 11:55:19.46 [14560:15376:1011/115519.463:ERROR:ssl_client_socket_impl.cc(1050)] handshake failed; returned -1, SSL error code 1, net_error -101
Oct 11, 2018 11:55:26.27 [14560:15376:1011/115526.272:ERROR:ssl_client_socket_impl.cc(1050)] handshake failed; returned -1, SSL error code 1, net_error -101
Oct 11, 2018 11:55:26.28 [14560:15376:1011/115526.284:ERROR:ssl_client_socket_impl.cc(1050)] handshake failed; returned -1, SSL error code 1, net_error -101
Oct 11, 2018 11:56:39.47 [14560:15376:1011/115639.473:ERROR:ssl_client_socket_impl.cc(1050)] handshake failed; returned -1, SSL error code 1, net_error -101
Oct 11, 2018 11:56:40.40 [14560:15376:1011/115640.407:ERROR:ssl_client_socket_impl.cc(1050)] handshake failed; returned -1, SSL error code 1, net_error -101
Oct 11, 2018 11:56:40.41 [14560:15376:1011/115640.417:ERROR:ssl_client_socket_impl.cc(1050)] handshake failed; returned -1, SSL error code 1, net_error -101
Oct 11, 2018 11:57:57.01 [14560:15376:1011/115757.013:ERROR:ssl_client_socket_impl.cc(1050)] handshake failed; returned -1, SSL error code 1, net_error -101
Oct 11, 2018 11:57:57.02 [14560:15376:1011/115757.026:ERROR:ssl_client_socket_impl.cc(1050)] handshake failed; returned -1, SSL error code 1, net_error -101
Oct 11, 2018 11:58:00.26 [14560:15376:1011/115800.260:ERROR:ssl_client_socket_impl.cc(1050)] handshake failed; returned -1, SSL error code 1, net_error -100
Oct 11, 2018 11:58:02.99 [14560:15376:1011/115802.990:ERROR:ssl_client_socket_impl.cc(1050)] handshake failed; returned -1, SSL error code 1, net_error -100
Oct 11, 2018 11:58:29.77 [14560:15376:1011/115829.773:ERROR:ssl_client_socket_impl.cc(1050)] handshake failed; returned -1, SSL error code 1, net_error -101
Oct 11, 2018 12:00:46.61 [14560:15376:1011/120046.615:ERROR:ssl_client_socket_impl.cc(1050)] handshake failed; returned -1, SSL error code 1, net_error -101
Oct 11, 2018 12:00:47.02 [14560:15376:1011/120047.023:ERROR:ssl_client_socket_impl.cc(1050)] handshake failed; returned -1, SSL error code 1, net_error -101
Oct 11, 2018 12:00:47.02 [14560:15376:1011/120047.026:ERROR:ssl_client_socket_impl.cc(1050)] handshake failed; returned -1, SSL error code 1, net_error -101
Oct 11, 2018 12:00:49.00 [14560:15376:1011/120048.999:ERROR:ssl_client_socket_impl.cc(1050)] handshake failed; returned -1, SSL error code 1, net_error -101
Oct 11, 2018 12:00:49.00 [14560:15376:1011/120049.000:ERROR:ssl_client_socket_impl.cc(1050)] handshake failed; returned -1, SSL error code 1, net_error -101
Oct 11, 2018 12:01:04.72 [14560:15376:1011/120104.722:ERROR:ssl_client_socket_impl.cc(1050)] handshake failed; returned -1, SSL error code 1, net_error -101
Oct 11, 2018 12:01:04.86 [14560:15376:1011/120104.867:ERROR:ssl_client_socket_impl.cc(1050)] handshake failed; returned -1, SSL error code 1, net_error -101
Oct 11, 2018 12:02:17.55 [14560:15376:1011/120217.551:ERROR:ssl_client_socket_impl.cc(1050)] handshake failed; returned -1, SSL error code 1, net_error -101
Oct 11, 2018 12:03:22.59 [14560:15376:1011/120322.593:ERROR:ssl_client_socket_impl.cc(1050)] handshake failed; returned -1, SSL error code 1, net_error -101
Oct 11, 2018 12:03:23.74 [14560:15376:1011/120323.745:ERROR:ssl_client_socket_impl.cc(1050)] handshake failed; returned -1, SSL error code 1, net_error -101
Oct 11, 2018 12:03:23.76 [14560:15376:1011/120323.761:ERROR:ssl_client_socket_impl.cc(1050)] handshake failed; returned -1, SSL error code 1, net_error -101
Oct 11, 2018 12:03:23.81 [14560:15376:1011/120323.816:ERROR:ssl_client_socket_impl.cc(1050)] handshake failed; returned -1, SSL error code 1, net_error -101
Oct 11, 2018 12:03:23.83 [14560:15376:1011/120323.835:ERROR:ssl_client_socket_impl.cc(1050)] handshake failed; returned -1, SSL error code 1, net_error -101
Oct 11, 2018 12:04:24.98 [14560:15376:1011/120424.980:ERROR:ssl_client_socket_impl.cc(1050)] handshake failed; returned -1, SSL error code 1, net_error -101
Oct 11, 2018 12:07:14.10 [14560:15376:1011/120714.105:ERROR:ssl_client_socket_impl.cc(1050)] handshake failed; returned -1, SSL error code 1, net_error -101
Oct 11, 2018 12:07:34.23 [14560:15376:1011/120734.230:ERROR:ssl_client_socket_impl.cc(1050)] handshake failed; returned -1, SSL error code 1, net_error -101
Oct 11, 2018 12:07:34.45 [14560:15376:1011/120734.454:ERROR:ssl_client_socket_impl.cc(1050)] handshake failed; returned -1, SSL error code 1, net_error -101
Oct 11, 2018 12:07:34.46 [14560:15376:1011/120734.466:ERROR:ssl_client_socket_impl.cc(1050)] handshake failed; returned -1, SSL error code 1, net_error -101
Oct 11, 2018 12:07:51.84 [14560:15376:1011/120751.849:ERROR:ssl_client_socket_impl.cc(1050)] handshake failed; returned -1, SSL error code 1, net_error -101
Oct 11, 2018 12:07:52.05 [14560:15376:1011/120752.053:ERROR:ssl_client_socket_impl.cc(1050)] handshake failed; returned -1, SSL error code 1, net_error -101
Oct 11, 2018 12:07:52.05 [14560:15376:1011/120752.057:ERROR:ssl_client_socket_impl.cc(1050)] handshake failed; returned -1, SSL error code 1, net_error -101
Oct 11, 2018 12:07:52.06 [14560:15376:1011/120752.064:ERROR:ssl_client_socket_impl.cc(1050)] handshake failed; returned -1, SSL error code 1, net_error -101
Oct 11, 2018 12:07:52.07 [14560:15376:1011/120752.069:ERROR:ssl_client_socket_impl.cc(1050)] handshake failed; returned -1, SSL error code 1, net_error -101
Oct 11, 2018 12:09:15.28 [14560:15376:1011/120915.288:ERROR:ssl_client_socket_impl.cc(1050)] handshake failed; returned -1, SSL error code 1, net_error -101
Oct 11, 2018 12:09:15.63 [14560:15376:1011/120915.636:ERROR:ssl_client_socket_impl.cc(1050)] handshake failed; returned -1, SSL error code 1, net_error -101
Oct 11, 2018 12:09:16.51 [14560:1836:1011/120916.515:ERROR:platform_sensor_reader_win.cc(242)] NOT IMPLEMENTED
Oct 11, 2018 12:11:30.34 [14560:15376:1011/121130.339:ERROR:ssl_client_socket_impl.cc(1050)] handshake failed; returned -1, SSL error code 1, net_error -101
Oct 11, 2018 12:11:30.40 [14560:15376:1011/121130.404:ERROR:ssl_client_socket_impl.cc(1050)] handshake failed; returned -1, SSL error code 1, net_error -101
Oct 11, 2018 12:12:08.48 [14560:15376:1011/121208.484:ERROR:ssl_client_socket_impl.cc(1050)] handshake failed; returned -1, SSL error code 1, net_error -101
Oct 11, 2018 12:12:08.59 [14560:15376:1011/121208.598:ERROR:ssl_client_socket_impl.cc(1050)] handshake failed; returned -1, SSL error code 1, net_error -101
Oct 11, 2018 12:12:08.60 [14560:15376:1011/121208.600:ERROR:ssl_client_socket_impl.cc(1050)] handshake failed; returned -1, SSL error code 1, net_error -101
Oct 11, 2018 12:12:09.06 [14560:15376:1011/121209.059:ERROR:ssl_client_socket_impl.cc(1050)] handshake failed; returned -1, SSL error code 1, net_error -101
Oct 11, 2018 12:12:37.44 [14560:15376:1011/121237.449:ERROR:ssl_client_socket_impl.cc(1050)] handshake failed; returned -1, SSL error code 1, net_error -101
Oct 11, 2018 12:28:29.02 [14560:15376:1011/122829.020:ERROR:ssl_client_socket_impl.cc(1050)] handshake failed; returned -1, SSL error code 1, net_error -101
Oct 11, 2018 12:28:29.02 [14560:15376:1011/122829.021:ERROR:ssl_client_socket_impl.cc(1050)] handshake failed; returned -1, SSL error code 1, net_error -101
Oct 11, 2018 12:28:29.03 [14560:15376:1011/122829.034:ERROR:ssl_client_socket_impl.cc(1050)] handshake failed; returned -1, SSL error code 1, net_error -101
Oct 11, 2018 12:28:29.05 [14560:15376:1011/122829.054:ERROR:ssl_client_socket_impl.cc(1050)] handshake failed; returned -1, SSL error code 1, net_error -101
Oct 11, 2018 12:28:29.06 [14560:15376:1011/122829.066:ERROR:ssl_client_socket_impl.cc(1050)] handshake failed; returned -1, SSL error code 1, net_error -101
Oct 11, 2018 12:28:29.09 [14560:15376:1011/122829.089:ERROR:ssl_client_socket_impl.cc(1050)] handshake failed; returned -1, SSL error code 1, net_error -101
Oct 11, 2018 12:28:29.12 [14560:15376:1011/122829.122:ERROR:ssl_client_socket_impl.cc(1050)] handshake failed; returned -1, SSL error code 1, net_error -101
Oct 11, 2018 12:28:29.13 [14560:15376:1011/122829.133:ERROR:ssl_client_socket_impl.cc(1050)] handshake failed; returned -1, SSL error code 1, net_error -101
Oct 11, 2018 12:28:29.14 [14560:15376:1011/122829.141:ERROR:ssl_client_socket_impl.cc(1050)] handshake failed; returned -1, SSL error code 1, net_error -101
Oct 11, 2018 12:28:29.19 [14560:15376:1011/122829.198:ERROR:ssl_client_socket_impl.cc(1050)] handshake failed; returned -1, SSL error code 1, net_error -101
Oct 11, 2018 12:28:29.21 [14560:15376:1011/122829.215:ERROR:ssl_client_socket_impl.cc(1050)] handshake failed; returned -1, SSL error code 1, net_error -101
Oct 11, 2018 12:28:29.21 [14560:15376:1011/122829.215:ERROR:ssl_client_socket_impl.cc(1050)] handshake failed; returned -1, SSL error code 1, net_error -101
Oct 11, 2018 12:28:29.29 [14560:15376:1011/122829.292:ERROR:ssl_client_socket_impl.cc(1050)] handshake failed; returned -1, SSL error code 1, net_error -101
Oct 11, 2018 12:28:29.29 [14560:15376:1011/122829.293:ERROR:ssl_client_socket_impl.cc(1050)] handshake failed; returned -1, SSL error code 1, net_error -101
Oct 11, 2018 12:28:29.29 [14560:15376:1011/122829.294:ERROR:ssl_client_socket_impl.cc(1050)] handshake failed; returned -1, SSL error code 1, net_error -101
Oct 11, 2018 12:28:29.29 [14560:15376:1011/122829.296:ERROR:ssl_client_socket_impl.cc(1050)] handshake failed; returned -1, SSL error code 1, net_error -101
Oct 11, 2018 12:28:29.29 [14560:15376:1011/122829.296:ERROR:ssl_client_socket_impl.cc(1050)] handshake failed; returned -1, SSL error code 1, net_error -101
Oct 11, 2018 12:28:39.54 [14560:15376:1011/122839.541:ERROR:ssl_client_socket_impl.cc(1050)] handshake failed; returned -1, SSL error code 1, net_error -101
Oct 11, 2018 12:32:17.56 [14560:15376:1011/123217.560:ERROR:ssl_client_socket_impl.cc(1050)] handshake failed; returned -1, SSL error code 1, net_error -101
Oct 11, 2018 12:32:17.57 [14560:15376:1011/123217.572:ERROR:ssl_client_socket_impl.cc(1050)] handshake failed; returned -1, SSL error code 1, net_error -101
Oct 11, 2018 12:32:27.78 [14560:15376:1011/123227.784:ERROR:ssl_client_socket_impl.cc(1050)] handshake failed; returned -1, SSL error code 1, net_error -101
Oct 11, 2018 12:32:27.78 [14560:15376:1011/123227.785:ERROR:ssl_client_socket_impl.cc(1050)] handshake failed; returned -1, SSL error code 1, net_error -101
Oct 11, 2018 12:32:27.81 [14560:15376:1011/123227.815:ERROR:ssl_client_socket_impl.cc(1050)] handshake failed; returned -1, SSL error code 1, net_error -101
Oct 11, 2018 12:32:27.81 [14560:15376:1011/123227.816:ERROR:ssl_client_socket_impl.cc(1050)] handshake failed; returned -1, SSL error code 1, net_error -101
Oct 11, 2018 12:33:53.78 [14560:15376:1011/123353.785:ERROR:ssl_client_socket_impl.cc(1050)] handshake failed; returned -1, SSL error code 1, net_error -101
Oct 11, 2018 12:33:54.18 [14560:15376:1011/123354.183:ERROR:ssl_client_socket_impl.cc(1050)] handshake failed; returned -1, SSL error code 1, net_error -101
Oct 11, 2018 12:33:55.14 [14560:15376:1011/123355.146:ERROR:ssl_client_socket_impl.cc(1050)] handshake failed; returned -1, SSL error code 1, net_error -101
Oct 11, 2018 12:33:55.15 [14560:15376:1011/123355.152:ERROR:ssl_client_socket_impl.cc(1050)] handshake failed; returned -1, SSL error code 1, net_error -101
Oct 11, 2018 12:33:55.15 [14560:15376:1011/123355.158:ERROR:ssl_client_socket_impl.cc(1050)] handshake failed; returned -1, SSL error code 1, net_error -101
Oct 11, 2018 12:33:55.15 [14560:15376:1011/123355.159:ERROR:ssl_client_socket_impl.cc(1050)] handshake failed; returned -1, SSL error code 1, net_error -101
Oct 11, 2018 12:33:55.16 [14560:15376:1011/123355.166:ERROR:ssl_client_socket_impl.cc(1050)] handshake failed; returned -1, SSL error code 1, net_error -101
Oct 11, 2018 12:33:55.18 [14560:15376:1011/123355.179:ERROR:ssl_client_socket_impl.cc(1050)] handshake failed; returned -1, SSL error code 1, net_error -101
Oct 11, 2018 12:36:08.21 [14560:15376:1011/123608.215:ERROR:ssl_client_socket_impl.cc(1050)] handshake failed; returned -1, SSL error code 1, net_error -101
Oct 11, 2018 12:36:35.40 [14560:15376:1011/123635.403:ERROR:ssl_client_socket_impl.cc(1050)] handshake failed; returned -1, SSL error code 1, net_error -101
Oct 11, 2018 12:36:50.05 [14560:15376:1011/123650.051:ERROR:ssl_client_socket_impl.cc(1050)] handshake failed; returned -1, SSL error code 1, net_error -101
Oct 11, 2018 12:42:01.31 [14560:15376:1011/124201.318:ERROR:ssl_client_socket_impl.cc(1050)] handshake failed; returned -1, SSL error code 1, net_error -101
Oct 11, 2018 12:42:01.33 [14560:15376:1011/124201.332:ERROR:ssl_client_socket_impl.cc(1050)] handshake failed; returned -1, SSL error code 1, net_error -101
Oct 11, 2018 12:42:17.47 [14560:15376:1011/124217.471:ERROR:ssl_client_socket_impl.cc(1050)] handshake failed; returned -1, SSL error code 1, net_error -101
Oct 11, 2018 12:42:17.80 [14560:15376:1011/124217.804:ERROR:ssl_client_socket_impl.cc(1050)] handshake failed; returned -1, SSL error code 1, net_error -101
Oct 11, 2018 12:48:45.21 [14560:15376:1011/124845.210:ERROR:ssl_client_socket_impl.cc(1050)] handshake failed; returned -1, SSL error code 1, net_error -101
Oct 11, 2018 12:48:45.22 [14560:15376:1011/124845.222:ERROR:ssl_client_socket_impl.cc(1050)] handshake failed; returned -1, SSL error code 1, net_error -101
Oct 11, 2018 12:49:35.40 [14560:15376:1011/124935.401:ERROR:ssl_client_socket_impl.cc(1050)] handshake failed; returned -1, SSL error code 1, net_error -101
Oct 11, 2018 13:02:17.62 [14560:15376:1011/130217.625:ERROR:ssl_client_socket_impl.cc(1050)] handshake failed; returned -1, SSL error code 1, net_error -101

Oct 18, 2018 24:23:19.63 NEW SESSION
Oct 18, 2018 24:23:19.64 [9696:15620:1018/002319.631:ERROR:ssl_client_socket_impl.cc(1061)] handshake failed; returned -1, SSL error code 1, net_error -101
Oct 18, 2018 24:24:13.68 [9696:15620:1018/002413.688:ERROR:ssl_client_socket_impl.cc(1061)] handshake failed; returned -1, SSL error code 1, net_error -101
Oct 18, 2018 24:24:14.30 [9696:15620:1018/002414.303:ERROR:ssl_client_socket_impl.cc(1061)] handshake failed; returned -1, SSL error code 1, net_error -101

Oct 18, 2018 11:38:24.79 NEW SESSION
Oct 18, 2018 11:38:24.79 [6428:11300:1018/113824.707:ERROR:CONSOLE(219)] "Failed to execute 'postMessage' on 'DOMWindow': The target origin provided ('https://www.google.com') does not match the recipient window's origin ('https://www.google.co.in').", source: chrome-search://most-visited/single.js (219)
Oct 18, 2018 11:57:23.77 [9724:13600:1018/115723.775:ERROR:in_progress_cache_impl.cc(203)] Cache is not initialized, cannot RetrieveEntry.
Oct 18, 2018 11:57:23.77 [9724:13600:1018/115723.776:ERROR:in_progress_cache_impl.cc(203)] Cache is not initialized, cannot RetrieveEntry.
Oct 18, 2018 11:57:23.77 [9724:13600:1018/115723.776:ERROR:in_progress_cache_impl.cc(203)] Cache is not initialized, cannot RetrieveEntry.
Oct 18, 2018 11:57:23.77 [9724:13600:1018/115723.776:ERROR:in_progress_cache_impl.cc(203)] Cache is not initialized, cannot RetrieveEntry.
Oct 18, 2018 11:57:23.77 [9724:13600:1018/115723.776:ERROR:in_progress_cache_impl.cc(203)] Cache is not initialized, cannot RetrieveEntry.
Oct 18, 2018 11:57:23.77 [9724:13600:1018/115723.776:ERROR:in_progress_cache_impl.cc(203)] Cache is not initialized, cannot RetrieveEntry.
Oct 18, 2018 11:57:23.77 [9724:13600:1018/115723.776:ERROR:in_progress_cache_impl.cc(203)] Cache is not initialized, cannot RetrieveEntry.
Oct 18, 2018 11:57:23.77 [9724:13600:1018/115723.776:ERROR:in_progress_cache_impl.cc(203)] Cache is not initialized, cannot RetrieveEntry.
Oct 18, 2018 11:57:23.77 [9724:13600:1018/115723.776:ERROR:in_progress_cache_impl.cc(203)] Cache is not initialized, cannot RetrieveEntry.
Oct 18, 2018 11:57:23.77 [9724:13600:1018/115723.776:ERROR:in_progress_cache_impl.cc(203)] Cache is not initialized, cannot RetrieveEntry.
Oct 18, 2018 11:57:23.78 [9724:13600:1018/115723.776:ERROR:in_progress_cache_impl.cc(203)] Cache is not initialized, cannot RetrieveEntry.
Oct 18, 2018 11:57:23.78 [9724:13600:1018/115723.776:ERROR:in_progress_cache_impl.cc(203)] Cache is not initialized, cannot RetrieveEntry.
Oct 18, 2018 11:57:23.78 [9724:13600:1018/115723.776:ERROR:in_progress_cache_impl.cc(203)] Cache is not initialized, cannot RetrieveEntry.
Oct 18, 2018 11:57:23.78 [9724:13600:1018/115723.776:ERROR:in_progress_cache_impl.cc(203)] Cache is not initialized, cannot RetrieveEntry.
Oct 18, 2018 11:57:23.78 [9724:13600:1018/115723.776:ERROR:in_progress_cache_impl.cc(203)] Cache is not initialized, cannot RetrieveEntry.
Oct 18, 2018 11:57:23.78 [9724:13600:1018/115723.776:ERROR:in_progress_cache_impl.cc(203)] Cache is not initialized, cannot RetrieveEntry.
Oct 18, 2018 12:02:05.41 [16008:232:1018/120205.416:ERROR:ssl_client_socket_impl.cc(1061)] handshake failed; returned -1, SSL error code 1, net_error -101
Oct 18, 2018 13:00:19.63 [9168:1960:1018/130019.635:ERROR:CONSOLE(219)] "Failed to execute 'postMessage' on 'DOMWindow': The target origin provided ('https://www.google.com') does not match the recipient window's origin ('https://www.google.co.in').", source: chrome-search://most-visited/single.js (219)
Oct 18, 2018 13:05:54.01 [9168:16012:1018/130554.017:ERROR:ssl_client_socket_impl.cc(1061)] handshake failed; returned -1, SSL error code 1, net_error -101
Oct 18, 2018 13:05:54.01 [9168:16012:1018/130554.018:ERROR:ssl_client_socket_impl.cc(1061)] handshake failed; returned -1, SSL error code 1, net_error -101

Oct 22, 2018 12:24:08.09 NEW SESSION
Oct 22, 2018 12:24:08.09 [8492:2364:1022/122408.089:ERROR:shader_disk_cache.cc(257)] Failed to create shader cache entry: -2
Oct 22, 2018 12:46:47.13 [9212:15336:1022/124647.133:ERROR:shader_disk_cache.cc(257)] Failed to create shader cache entry: -2
Oct 22, 2018 13:10:34.77 [6984:12348:1022/131034.773:ERROR:ssl_client_socket_impl.cc(1061)] handshake failed; returned -1, SSL error code 1, net_error -101
Oct 22, 2018 13:14:55.58 [7520:564:1022/131455.586:ERROR:latency_info.cc(144)] Surface::TakeLatencyInfoFromFrame, LatencyInfo vector size 102 is too big.
Oct 22, 2018 13:14:59.43 [7520:564:1022/131459.434:ERROR:latency_info.cc(144)] Surface::TakeLatencyInfoFromFrame, LatencyInfo vector size 102 is too big.
Oct 22, 2018 13:15:00.28 [7520:564:1022/131500.283:ERROR:latency_info.cc(144)] Surface::TakeLatencyInfoFromFrame, LatencyInfo vector size 102 is too big.
Oct 22, 2018 13:15:02.78 [7520:564:1022/131502.780:ERROR:latency_info.cc(144)] Surface::TakeLatencyInfoFromFrame, LatencyInfo vector size 102 is too big.
Oct 22, 2018 13:15:03.83 [7520:564:1022/131503.831:ERROR:latency_info.cc(144)] Surface::TakeLatencyInfoFromFrame, LatencyInfo vector size 102 is too big.
Oct 22, 2018 13:15:07.65 [7520:564:1022/131507.658:ERROR:latency_info.cc(144)] Surface::TakeLatencyInfoFromFrame, LatencyInfo vector size 102 is too big.
Oct 22, 2018 13:15:09.92 [7520:564:1022/131509.922:ERROR:latency_info.cc(144)] Surface::TakeLatencyInfoFromFrame, LatencyInfo vector size 102 is too big.
Oct 22, 2018 13:15:10.98 [7520:564:1022/131510.988:ERROR:latency_info.cc(144)] Surface::TakeLatencyInfoFromFrame, LatencyInfo vector size 102 is too big.
Oct 22, 2018 13:15:12.02 [7520:564:1022/131512.020:ERROR:latency_info.cc(144)] Surface::TakeLatencyInfoFromFrame, LatencyInfo vector size 102 is too big.

Oct 23, 2018 11:53:24.86 NEW SESSION
Oct 23, 2018 11:53:24.86 [13800:2380:1023/115324.705:ERROR:CONSOLE(219)] "Failed to execute 'postMessage' on 'DOMWindow': The target origin provided ('https://www.google.com') does not match the recipient window's origin ('https://www.google.co.in').", source: chrome-search://most-visited/single.js (219)
Oct 23, 2018 12:08:37.15 [9176:6336:1023/120837.157:ERROR:in_progress_cache_impl.cc(203)] Cache is not initialized, cannot RetrieveEntry.
Oct 23, 2018 12:08:37.15 [9176:6336:1023/120837.157:ERROR:in_progress_cache_impl.cc(203)] Cache is not initialized, cannot RetrieveEntry.
Oct 23, 2018 12:08:37.15 [9176:6336:1023/120837.157:ERROR:in_progress_cache_impl.cc(203)] Cache is not initialized, cannot RetrieveEntry.
Oct 23, 2018 12:08:37.16 [9176:6336:1023/120837.157:ERROR:in_progress_cache_impl.cc(203)] Cache is not initialized, cannot RetrieveEntry.
Oct 23, 2018 12:08:37.16 [9176:6336:1023/120837.157:ERROR:in_progress_cache_impl.cc(203)] Cache is not initialized, cannot RetrieveEntry.
Oct 23, 2018 12:08:37.16 [9176:6336:1023/120837.158:ERROR:in_progress_cache_impl.cc(203)] Cache is not initialized, cannot RetrieveEntry.
Oct 23, 2018 12:08:37.16 [9176:6336:1023/120837.158:ERROR:in_progress_cache_impl.cc(203)] Cache is not initialized, cannot RetrieveEntry.
Oct 23, 2018 12:08:37.16 [9176:6336:1023/120837.158:ERROR:in_progress_cache_impl.cc(203)] Cache is not initialized, cannot RetrieveEntry.
Oct 23, 2018 12:08:37.16 [9176:6336:1023/120837.158:ERROR:in_progress_cache_impl.cc(203)] Cache is not initialized, cannot RetrieveEntry.
Oct 23, 2018 12:08:37.16 [9176:6336:1023/120837.158:ERROR:in_progress_cache_impl.cc(203)] Cache is not initialized, cannot RetrieveEntry.
Oct 23, 2018 12:08:37.16 [9176:6336:1023/120837.158:ERROR:in_progress_cache_impl.cc(203)] Cache is not initialized, cannot RetrieveEntry.
Oct 23, 2018 12:08:37.16 [9176:6336:1023/120837.158:ERROR:in_progress_cache_impl.cc(203)] Cache is not initialized, cannot RetrieveEntry.
Oct 23, 2018 12:08:37.16 [9176:6336:1023/120837.158:ERROR:in_progress_cache_impl.cc(203)] Cache is not initialized, cannot RetrieveEntry.
Oct 23, 2018 12:08:37.16 [9176:6336:1023/120837.158:ERROR:in_progress_cache_impl.cc(203)] Cache is not initialized, cannot RetrieveEntry.
Oct 23, 2018 12:08:37.16 [9176:6336:1023/120837.158:ERROR:in_progress_cache_impl.cc(203)] Cache is not initialized, cannot RetrieveEntry.
Oct 23, 2018 12:08:37.16 [9176:6336:1023/120837.158:ERROR:in_progress_cache_impl.cc(203)] Cache is not initialized, cannot RetrieveEntry.
Oct 23, 2018 12:38:48.95 [4208:12524:1023/123848.956:ERROR:ssl_client_socket_impl.cc(1061)] handshake failed; returned -1, SSL error code 1, net_error -101
Oct 23, 2018 12:38:48.96 [4208:12524:1023/123848.968:ERROR:ssl_client_socket_impl.cc(1061)] handshake failed; returned -1, SSL error code 1, net_error -101
Oct 23, 2018 12:41:54.44 [4208:12524:1023/124154.447:ERROR:ssl_client_socket_impl.cc(1061)] handshake failed; returned -1, SSL error code 1, net_error -101
Oct 23, 2018 12:41:54.50 [4208:12524:1023/124154.507:ERROR:ssl_client_socket_impl.cc(1061)] handshake failed; returned -1, SSL error code 1, net_error -101
Oct 23, 2018 12:42:32.25 [4208:1920:1023/124232.250:ERROR:latency_info.cc(144)] Surface::TakeLatencyInfoFromFrame, LatencyInfo vector size 102 is too big.
Oct 23, 2018 12:42:34.78 [4208:1920:1023/124234.784:ERROR:latency_info.cc(144)] Surface::TakeLatencyInfoFromFrame, LatencyInfo vector size 102 is too big.
Oct 23, 2018 12:42:37.69 [4208:1920:1023/124237.697:ERROR:latency_info.cc(144)] Surface::TakeLatencyInfoFromFrame, LatencyInfo vector size 102 is too big.
Oct 23, 2018 12:42:40.19 [4208:1920:1023/124240.196:ERROR:latency_info.cc(144)] Surface::TakeLatencyInfoFromFrame, LatencyInfo vector size 102 is too big.
Oct 23, 2018 12:42:42.72 [4208:1920:1023/124242.726:ERROR:latency_info.cc(144)] Surface::TakeLatencyInfoFromFrame, LatencyInfo vector size 102 is too big.
Oct 23, 2018 12:43:15.51 [4208:1920:1023/124315.513:ERROR:latency_info.cc(144)] Surface::TakeLatencyInfoFromFrame, LatencyInfo vector size 102 is too big.
Oct 23, 2018 12:43:18.02 [4208:1920:1023/124318.027:ERROR:latency_info.cc(144)] Surface::TakeLatencyInfoFromFrame, LatencyInfo vector size 102 is too big.
Oct 23, 2018 12:43:20.55 [4208:1920:1023/124320.556:ERROR:latency_info.cc(144)] Surface::TakeLatencyInfoFromFrame, LatencyInfo vector size 102 is too big.
Oct 23, 2018 12:43:23.60 [4208:1920:1023/124323.600:ERROR:latency_info.cc(144)] Surface::TakeLatencyInfoFromFrame, LatencyInfo vector size 102 is too big.
Oct 23, 2018 12:47:59.19 [4208:1920:1023/124759.198:ERROR:latency_info.cc(144)] Surface::TakeLatencyInfoFromFrame, LatencyInfo vector size 102 is too big.
Oct 23, 2018 12:48:01.35 [4208:1920:1023/124801.357:ERROR:latency_info.cc(144)] Surface::TakeLatencyInfoFromFrame, LatencyInfo vector size 102 is too big.
Oct 23, 2018 12:48:03.51 [4208:1920:1023/124803.509:ERROR:latency_info.cc(144)] Surface::TakeLatencyInfoFromFrame, LatencyInfo vector size 102 is too big.
Oct 23, 2018 12:48:05.67 [4208:1920:1023/124805.673:ERROR:latency_info.cc(144)] Surface::TakeLatencyInfoFromFrame, LatencyInfo vector size 102 is too big.
Oct 23, 2018 12:48:07.82 [4208:1920:1023/124807.824:ERROR:latency_info.cc(144)] Surface::TakeLatencyInfoFromFrame, LatencyInfo vector size 102 is too big.

Oct 30, 2018 11:26:59.75 NEW SESSION
Oct 30, 2018 11:26:59.75 [9988:14764:1030/112659.755:ERROR:latency_info.cc(144)] Surface::TakeLatencyInfoFromFrame, LatencyInfo vector size 102 is too big.
Oct 30, 2018 11:27:01.13 [9988:14764:1030/112701.139:ERROR:latency_info.cc(144)] Surface::TakeLatencyInfoFromFrame, LatencyInfo vector size 102 is too big.
Oct 30, 2018 11:27:01.48 [9988:14764:1030/112701.487:ERROR:latency_info.cc(144)] Surface::TakeLatencyInfoFromFrame, LatencyInfo vector size 102 is too big.
Oct 30, 2018 11:27:02.33 [9988:14764:1030/112702.336:ERROR:latency_info.cc(144)] Surface::TakeLatencyInfoFromFrame, LatencyInfo vector size 102 is too big.
Oct 30, 2018 11:27:03.18 [9988:14764:1030/112703.187:ERROR:latency_info.cc(144)] Surface::TakeLatencyInfoFromFrame, LatencyInfo vector size 102 is too big.
Oct 30, 2018 11:27:03.32 [9988:14764:1030/112703.322:ERROR:latency_info.cc(144)] Surface::TakeLatencyInfoFromFrame, LatencyInfo vector size 102 is too big.
Oct 30, 2018 11:27:04.93 [9988:14764:1030/112704.936:ERROR:latency_info.cc(144)] Surface::TakeLatencyInfoFromFrame, LatencyInfo vector size 102 is too big.
Oct 30, 2018 11:27:05.47 [9988:14764:1030/112705.470:ERROR:latency_info.cc(144)] Surface::TakeLatencyInfoFromFrame, LatencyInfo vector size 102 is too big.
Oct 30, 2018 11:27:05.78 [9988:14764:1030/112705.783:ERROR:latency_info.cc(144)] Surface::TakeLatencyInfoFromFrame, LatencyInfo vector size 102 is too big.
Oct 30, 2018 11:27:06.63 [9988:14764:1030/112706.633:ERROR:latency_info.cc(144)] Surface::TakeLatencyInfoFromFrame, LatencyInfo vector size 102 is too big.
Oct 30, 2018 11:27:07.60 [9988:14764:1030/112707.608:ERROR:latency_info.cc(144)] Surface::TakeLatencyInfoFromFrame, LatencyInfo vector size 102 is too big.
Oct 30, 2018 11:27:09.78 [9988:14764:1030/112709.783:ERROR:latency_info.cc(144)] Surface::TakeLatencyInfoFromFrame, LatencyInfo vector size 102 is too big.
Oct 30, 2018 11:27:11.94 [9988:14764:1030/112711.948:ERROR:latency_info.cc(144)] Surface::TakeLatencyInfoFromFrame, LatencyInfo vector size 102 is too big.
Oct 30, 2018 11:27:14.12 [9988:14764:1030/112714.127:ERROR:latency_info.cc(144)] Surface::TakeLatencyInfoFromFrame, LatencyInfo vector size 102 is too big.
Oct 30, 2018 11:27:16.29 [9988:14764:1030/112716.293:ERROR:latency_info.cc(144)] Surface::TakeLatencyInfoFromFrame, LatencyInfo vector size 102 is too big.
Oct 30, 2018 11:27:18.47 [9988:14764:1030/112718.477:ERROR:latency_info.cc(144)] Surface::TakeLatencyInfoFromFrame, LatencyInfo vector size 102 is too big.
Oct 30, 2018 11:27:20.70 [9988:14764:1030/112720.705:ERROR:latency_info.cc(144)] Surface::TakeLatencyInfoFromFrame, LatencyInfo vector size 102 is too big.
Oct 30, 2018 11:27:26.84 [9988:14764:1030/112726.847:ERROR:latency_info.cc(144)] Surface::TakeLatencyInfoFromFrame, LatencyInfo vector size 101 is too big.
Oct 30, 2018 11:27:29.04 [9988:14764:1030/112729.045:ERROR:latency_info.cc(144)] Surface::TakeLatencyInfoFromFrame, LatencyInfo vector size 102 is too big.
Oct 30, 2018 11:27:31.20 [9988:14764:1030/112731.209:ERROR:latency_info.cc(144)] Surface::TakeLatencyInfoFromFrame, LatencyInfo vector size 102 is too big.
Oct 30, 2018 11:27:33.37 [9988:14764:1030/112733.375:ERROR:latency_info.cc(144)] Surface::TakeLatencyInfoFromFrame, LatencyInfo vector size 102 is too big.
Oct 30, 2018 11:27:35.53 [9988:14764:1030/112735.534:ERROR:latency_info.cc(144)] Surface::TakeLatencyInfoFromFrame, LatencyInfo vector size 102 is too big.
Oct 30, 2018 11:27:37.68 [9988:14764:1030/112737.687:ERROR:latency_info.cc(144)] Surface::TakeLatencyInfoFromFrame, LatencyInfo vector size 102 is too big.
Oct 30, 2018 11:27:39.83 [9988:14764:1030/112739.834:ERROR:latency_info.cc(144)] Surface::TakeLatencyInfoFromFrame, LatencyInfo vector size 102 is too big.
Oct 30, 2018 11:27:41.98 [9988:14764:1030/112741.981:ERROR:latency_info.cc(144)] Surface::TakeLatencyInfoFromFrame, LatencyInfo vector size 102 is too big.
Oct 30, 2018 11:27:44.13 [9988:14764:1030/112744.131:ERROR:latency_info.cc(144)] Surface::TakeLatencyInfoFromFrame, LatencyInfo vector size 102 is too big.
Oct 30, 2018 11:27:46.29 [9988:14764:1030/112746.296:ERROR:latency_info.cc(144)] Surface::TakeLatencyInfoFromFrame, LatencyInfo vector size 102 is too big.
Oct 30, 2018 11:27:48.46 [9988:14764:1030/112748.462:ERROR:latency_info.cc(144)] Surface::TakeLatencyInfoFromFrame, LatencyInfo vector size 102 is too big.
Oct 30, 2018 11:27:50.62 [9988:14764:1030/112750.624:ERROR:latency_info.cc(144)] Surface::TakeLatencyInfoFromFrame, LatencyInfo vector size 102 is too big.
Oct 30, 2018 11:27:52.79 [9988:14764:1030/112752.789:ERROR:latency_info.cc(144)] Surface::TakeLatencyInfoFromFrame, LatencyInfo vector size 102 is too big.
Oct 30, 2018 11:27:54.92 [9988:14764:1030/112754.925:ERROR:latency_info.cc(144)] Surface::TakeLatencyInfoFromFrame, LatencyInfo vector size 102 is too big.
Oct 30, 2018 11:27:57.08 [9988:14764:1030/112757.084:ERROR:latency_info.cc(144)] Surface::TakeLatencyInfoFromFrame, LatencyInfo vector size 102 is too big.
Oct 30, 2018 11:27:59.23 [9988:14764:1030/112759.232:ERROR:latency_info.cc(144)] Surface::TakeLatencyInfoFromFrame, LatencyInfo vector size 102 is too big.
Oct 30, 2018 11:28:01.38 [9988:14764:1030/112801.388:ERROR:latency_info.cc(144)] Surface::TakeLatencyInfoFromFrame, LatencyInfo vector size 102 is too big.
Oct 30, 2018 11:28:03.65 [9988:14764:1030/112803.653:ERROR:latency_info.cc(144)] Surface::TakeLatencyInfoFromFrame, LatencyInfo vector size 102 is too big.
Oct 30, 2018 11:30:08.37 [9988:12356:1030/113008.377:ERROR:ssl_client_socket_impl.cc(1061)] handshake failed; returned -1, SSL error code 1, net_error -101
Oct 30, 2018 11:30:08.41 [9988:12356:1030/113008.410:ERROR:ssl_client_socket_impl.cc(1061)] handshake failed; returned -1, SSL error code 1, net_error -101
Oct 30, 2018 11:30:44.30 [9988:12356:1030/113044.309:ERROR:ssl_client_socket_impl.cc(1061)] handshake failed; returned -1, SSL error code 1, net_error -101
Oct 30, 2018 11:30:44.59 [9988:12356:1030/113044.593:ERROR:ssl_client_socket_impl.cc(1061)] handshake failed; returned -1, SSL error code 1, net_error -101
Oct 30, 2018 11:30:44.60 [9988:12356:1030/113044.609:ERROR:ssl_client_socket_impl.cc(1061)] handshake failed; returned -1, SSL error code 1, net_error -101
Oct 30, 2018 11:42:58.85 [17080:12800:1030/114258.850:ERROR:in_progress_cache_impl.cc(203)] Cache is not initialized, cannot RetrieveEntry.
Oct 30, 2018 11:42:58.85 [17080:12800:1030/114258.850:ERROR:in_progress_cache_impl.cc(203)] Cache is not initialized, cannot RetrieveEntry.
Oct 30, 2018 11:42:58.85 [17080:12800:1030/114258.850:ERROR:in_progress_cache_impl.cc(203)] Cache is not initialized, cannot RetrieveEntry.

Nov 01, 2018 11:21:24.44 NEW SESSION
Nov 01, 2018 11:21:24.44 [5648:13532:1101/112124.428:ERROR:shader_disk_cache.cc(257)] Failed to create shader cache entry: -2
Nov 01, 2018 12:21:01.93 [9000:11536:1101/122101.932:ERROR:in_progress_cache_impl.cc(203)] Cache is not initialized, cannot RetrieveEntry.
Nov 01, 2018 12:21:01.93 [9000:11536:1101/122101.932:ERROR:in_progress_cache_impl.cc(203)] Cache is not initialized, cannot RetrieveEntry.
Nov 01, 2018 12:21:01.93 [9000:11536:1101/122101.932:ERROR:in_progress_cache_impl.cc(203)] Cache is not initialized, cannot RetrieveEntry.
Nov 01, 2018 12:21:01.93 [9000:11536:1101/122101.932:ERROR:in_progress_cache_impl.cc(203)] Cache is not initialized, cannot RetrieveEntry.
Nov 01, 2018 12:21:01.93 [9000:11536:1101/122101.932:ERROR:in_progress_cache_impl.cc(203)] Cache is not initialized, cannot RetrieveEntry.
Nov 01, 2018 12:21:01.93 [9000:11536:1101/122101.932:ERROR:in_progress_cache_impl.cc(203)] Cache is not initialized, cannot RetrieveEntry.
Nov 01, 2018 12:21:01.93 [9000:11536:1101/122101.932:ERROR:in_progress_cache_impl.cc(203)] Cache is not initialized, cannot RetrieveEntry.
Nov 01, 2018 12:21:01.93 [9000:11536:1101/122101.932:ERROR:in_progress_cache_impl.cc(203)] Cache is not initialized, cannot RetrieveEntry.

Nov 02, 2018 12:16:37.85 NEW SESSION
Nov 02, 2018 12:16:37.85 [13712:4900:1102/121637.848:ERROR:CONSOLE(5610)] "SyntaxError: Unexpected end of JSON input", source: chrome-devtools://devtools/bundled/shell.js (5610)
Nov 02, 2018 12:16:37.91 [13712:4900:1102/121637.848:ERROR:CONSOLE(5610)] "SyntaxError: Unexpected end of JSON input", source: chrome-devtools://devtools/bundled/shell.js (5610)
Nov 02, 2018 12:16:37.91 [13712:4900:1102/121637.853:ERROR:CONSOLE(5610)] "SyntaxError: Unexpected end of JSON input", source: chrome-devtools://devtools/bundled/shell.js (5610)
Nov 02, 2018 12:16:37.91 [13712:4900:1102/121637.856:ERROR:CONSOLE(5610)] "SyntaxError: Unexpected end of JSON input", source: chrome-devtools://devtools/bundled/shell.js (5610)
Nov 02, 2018 12:20:15.86 [10396:444:1102/122015.865:ERROR:ssl_client_socket_impl.cc(1061)] handshake failed; returned -1, SSL error code 1, net_error -101
Nov 02, 2018 12:20:16.67 [10396:444:1102/122016.677:ERROR:ssl_client_socket_impl.cc(1061)] handshake failed; returned -1, SSL error code 1, net_error -101
Nov 02, 2018 12:21:00.64 [10396:444:1102/122100.647:ERROR:ssl_client_socket_impl.cc(1061)] handshake failed; returned -1, SSL error code 1, net_error -101
Nov 02, 2018 12:21:27.04 [10396:444:1102/122127.040:ERROR:ssl_client_socket_impl.cc(1061)] handshake failed; returned -1, SSL error code 1, net_error -101
Nov 02, 2018 12:50:49.28 [6680:10464:1102/125049.285:ERROR:ssl_client_socket_impl.cc(1061)] handshake failed; returned -1, SSL error code 1, net_error -101
Nov 02, 2018 12:51:30.30 [12404:2300:1102/125130.304:ERROR:in_progress_cache_impl.cc(203)] Cache is not initialized, cannot RetrieveEntry.
Nov 02, 2018 12:51:30.30 [12404:2300:1102/125130.304:ERROR:in_progress_cache_impl.cc(203)] Cache is not initialized, cannot RetrieveEntry.
Nov 02, 2018 12:51:30.30 [12404:2300:1102/125130.304:ERROR:in_progress_cache_impl.cc(203)] Cache is not initialized, cannot RetrieveEntry.
Nov 02, 2018 12:51:30.30 [12404:2300:1102/125130.304:ERROR:in_progress_cache_impl.cc(203)] Cache is not initialized, cannot RetrieveEntry.
Nov 02, 2018 12:51:30.30 [12404:2300:1102/125130.304:ERROR:in_progress_cache_impl.cc(203)] Cache is not initialized, cannot RetrieveEntry.
Nov 02, 2018 12:51:30.30 [12404:2300:1102/125130.304:ERROR:in_progress_cache_impl.cc(203)] Cache is not initialized, cannot RetrieveEntry.
Nov 02, 2018 12:51:30.30 [12404:2300:1102/125130.304:ERROR:in_progress_cache_impl.cc(203)] Cache is not initialized, cannot RetrieveEntry.
Nov 02, 2018 12:51:30.30 [12404:2300:1102/125130.304:ERROR:in_progress_cache_impl.cc(203)] Cache is not initialized, cannot RetrieveEntry.
Nov 02, 2018 13:16:58.35 [16104:5268:1102/131658.358:ERROR:ssl_client_socket_impl.cc(1061)] handshake failed; returned -1, SSL error code 1, net_error -101

Nov 05, 2018 12:15:21.83 NEW SESSION
Nov 05, 2018 12:15:21.83 [444:10764:1105/121521.825:ERROR:ssl_client_socket_impl.cc(1061)] handshake failed; returned -1, SSL error code 1, net_error -101
Nov 05, 2018 12:15:21.85 [444:10764:1105/121521.848:ERROR:ssl_client_socket_impl.cc(1061)] handshake failed; returned -1, SSL error code 1, net_error -101
Nov 05, 2018 12:15:40.48 [444:10764:1105/121540.489:ERROR:ssl_client_socket_impl.cc(1061)] handshake failed; returned -1, SSL error code 1, net_error -101
Nov 05, 2018 12:15:40.50 [444:10764:1105/121540.508:ERROR:ssl_client_socket_impl.cc(1061)] handshake failed; returned -1, SSL error code 1, net_error -101
Nov 05, 2018 12:42:55.97 [8068:16496:1105/124255.973:ERROR:ssl_client_socket_impl.cc(1061)] handshake failed; returned -1, SSL error code 1, net_error -101
Nov 05, 2018 12:42:56.00 [8068:16496:1105/124256.004:ERROR:ssl_client_socket_impl.cc(1061)] handshake failed; returned -1, SSL error code 1, net_error -101
Nov 05, 2018 12:42:56.03 [8068:16496:1105/124256.037:ERROR:ssl_client_socket_impl.cc(1061)] handshake failed; returned -1, SSL error code 1, net_error -101
Nov 05, 2018 12:45:36.49 [8068:16496:1105/124536.497:ERROR:ssl_client_socket_impl.cc(1061)] handshake failed; returned -1, SSL error code 1, net_error -101
Nov 05, 2018 12:45:36.92 [8068:16496:1105/124536.921:ERROR:ssl_client_socket_impl.cc(1061)] handshake failed; returned -1, SSL error code 1, net_error -101
Nov 05, 2018 12:45:36.95 [8068:16496:1105/124536.954:ERROR:ssl_client_socket_impl.cc(1061)] handshake failed; returned -1, SSL error code 1, net_error -101

Nov 13, 2018 11:19:24.54 NEW SESSION
Nov 13, 2018 11:19:24.54 [15092:14008:1113/111924.491:ERROR:ssl_client_socket_impl.cc(1061)] handshake failed; returned -1, SSL error code 1, net_error -101

Nov 16, 2018 11:57:53.76 NEW SESSION
Nov 16, 2018 11:57:53.76 [6600:9336:1116/115753.740:ERROR:latency_info.cc(144)] Surface::TakeLatencyInfoFromFrame, LatencyInfo vector size 102 is too big.
Nov 16, 2018 11:57:55.91 [6600:9336:1116/115755.915:ERROR:latency_info.cc(144)] Surface::TakeLatencyInfoFromFrame, LatencyInfo vector size 102 is too big.
Nov 16, 2018 11:57:58.16 [6600:9336:1116/115758.168:ERROR:latency_info.cc(144)] Surface::TakeLatencyInfoFromFrame, LatencyInfo vector size 102 is too big.
Nov 16, 2018 11:58:00.33 [6600:9336:1116/115800.336:ERROR:latency_info.cc(144)] Surface::TakeLatencyInfoFromFrame, LatencyInfo vector size 102 is too big.
Nov 16, 2018 11:58:02.49 [6600:9336:1116/115802.493:ERROR:latency_info.cc(144)] Surface::TakeLatencyInfoFromFrame, LatencyInfo vector size 102 is too big.
Nov 16, 2018 11:58:04.64 [6600:9336:1116/115804.642:ERROR:latency_info.cc(144)] Surface::TakeLatencyInfoFromFrame, LatencyInfo vector size 102 is too big.
Nov 16, 2018 11:58:06.78 [6600:9336:1116/115806.786:ERROR:latency_info.cc(144)] Surface::TakeLatencyInfoFromFrame, LatencyInfo vector size 102 is too big.
Nov 16, 2018 11:58:08.93 [6600:9336:1116/115808.937:ERROR:latency_info.cc(144)] Surface::TakeLatencyInfoFromFrame, LatencyInfo vector size 102 is too big.
Nov 16, 2018 11:58:11.09 [6600:9336:1116/115811.095:ERROR:latency_info.cc(144)] Surface::TakeLatencyInfoFromFrame, LatencyInfo vector size 102 is too big.
Nov 16, 2018 11:58:13.25 [6600:9336:1116/115813.259:ERROR:latency_info.cc(144)] Surface::TakeLatencyInfoFromFrame, LatencyInfo vector size 102 is too big.
Nov 16, 2018 11:58:15.42 [6600:9336:1116/115815.427:ERROR:latency_info.cc(144)] Surface::TakeLatencyInfoFromFrame, LatencyInfo vector size 102 is too big.
Nov 16, 2018 11:58:17.58 [6600:9336:1116/115817.584:ERROR:latency_info.cc(144)] Surface::TakeLatencyInfoFromFrame, LatencyInfo vector size 102 is too big.
Nov 16, 2018 11:59:12.93 [6600:9336:1116/115912.937:ERROR:latency_info.cc(144)] Surface::TakeLatencyInfoFromFrame, LatencyInfo vector size 101 is too big.
Nov 16, 2018 11:59:15.09 [6600:9336:1116/115915.090:ERROR:latency_info.cc(144)] Surface::TakeLatencyInfoFromFrame, LatencyInfo vector size 102 is too big.
Nov 16, 2018 11:59:17.25 [6600:9336:1116/115917.256:ERROR:latency_info.cc(144)] Surface::TakeLatencyInfoFromFrame, LatencyInfo vector size 102 is too big.
Nov 16, 2018 11:59:19.39 [6600:9336:1116/115919.399:ERROR:latency_info.cc(144)] Surface::TakeLatencyInfoFromFrame, LatencyInfo vector size 102 is too big.
Nov 16, 2018 11:59:21.54 [6600:9336:1116/115921.549:ERROR:latency_info.cc(144)] Surface::TakeLatencyInfoFromFrame, LatencyInfo vector size 102 is too big.
Nov 16, 2018 11:59:23.71 [6600:9336:1116/115923.710:ERROR:latency_info.cc(144)] Surface::TakeLatencyInfoFromFrame, LatencyInfo vector size 102 is too big.
Nov 16, 2018 11:59:25.87 [6600:9336:1116/115925.875:ERROR:latency_info.cc(144)] Surface::TakeLatencyInfoFromFrame, LatencyInfo vector size 102 is too big.
Nov 16, 2018 11:59:28.02 [6600:9336:1116/115928.023:ERROR:latency_info.cc(144)] Surface::TakeLatencyInfoFromFrame, LatencyInfo vector size 102 is too big.
Nov 16, 2018 11:59:30.18 [6600:9336:1116/115930.182:ERROR:latency_info.cc(144)] Surface::TakeLatencyInfoFromFrame, LatencyInfo vector size 102 is too big.
Nov 16, 2018 11:59:32.33 [6600:9336:1116/115932.336:ERROR:latency_info.cc(144)] Surface::TakeLatencyInfoFromFrame, LatencyInfo vector size 102 is too big.
Nov 16, 2018 11:59:34.50 [6600:9336:1116/115934.501:ERROR:latency_info.cc(144)] Surface::TakeLatencyInfoFromFrame, LatencyInfo vector size 102 is too big.
Nov 16, 2018 11:59:36.66 [6600:9336:1116/115936.665:ERROR:latency_info.cc(144)] Surface::TakeLatencyInfoFromFrame, LatencyInfo vector size 102 is too big.
Nov 16, 2018 11:59:38.83 [6600:9336:1116/115938.830:ERROR:latency_info.cc(144)] Surface::TakeLatencyInfoFromFrame, LatencyInfo vector size 102 is too big.
Nov 16, 2018 11:59:40.97 [6600:9336:1116/115940.979:ERROR:latency_info.cc(144)] Surface::TakeLatencyInfoFromFrame, LatencyInfo vector size 102 is too big.
Nov 16, 2018 11:59:43.13 [6600:9336:1116/115943.133:ERROR:latency_info.cc(144)] Surface::TakeLatencyInfoFromFrame, LatencyInfo vector size 102 is too big.
Nov 16, 2018 11:59:45.32 [6600:9336:1116/115945.322:ERROR:latency_info.cc(144)] Surface::TakeLatencyInfoFromFrame, LatencyInfo vector size 102 is too big.
Nov 16, 2018 11:59:47.47 [6600:9336:1116/115947.474:ERROR:latency_info.cc(144)] Surface::TakeLatencyInfoFromFrame, LatencyInfo vector size 102 is too big.
Nov 16, 2018 12:00:25.91 [6600:9336:1116/120025.916:ERROR:latency_info.cc(144)] Surface::TakeLatencyInfoFromFrame, LatencyInfo vector size 101 is too big.

Nov 19, 2018 11:49:00.52 NEW SESSION
Nov 19, 2018 11:49:00.52 [15516:12824:1119/114900.525:ERROR:gcm_channel_status_request.cc(151)] GCM channel request failed.
Nov 19, 2018 11:49:36.97 [15516:16320:1119/114936.977:ERROR:ssl_client_socket_impl.cc(1061)] handshake failed; returned -1, SSL error code 1, net_error -101
Nov 19, 2018 11:49:48.58 [15516:12824:1119/114948.584:ERROR:gcm_channel_status_request.cc(151)] GCM channel request failed.
Nov 19, 2018 11:51:33.15 [15516:16320:1119/115133.149:ERROR:ssl_client_socket_impl.cc(1061)] handshake failed; returned -1, SSL error code 1, net_error -101
Nov 19, 2018 11:51:33.25 [15516:16320:1119/115133.255:ERROR:ssl_client_socket_impl.cc(1061)] handshake failed; returned -1, SSL error code 1, net_error -101
Nov 19, 2018 11:51:33.28 [15516:16320:1119/115133.284:ERROR:ssl_client_socket_impl.cc(1061)] handshake failed; returned -1, SSL error code 1, net_error -101
Nov 19, 2018 11:51:33.36 [15516:16320:1119/115133.363:ERROR:ssl_client_socket_impl.cc(1061)] handshake failed; returned -1, SSL error code 1, net_error -101
Nov 19, 2018 11:51:33.49 [15516:16320:1119/115133.489:ERROR:ssl_client_socket_impl.cc(1061)] handshake failed; returned -1, SSL error code 1, net_error -101
Nov 19, 2018 11:51:33.79 [15516:16320:1119/115133.799:ERROR:ssl_client_socket_impl.cc(1061)] handshake failed; returned -1, SSL error code 1, net_error -101
Nov 19, 2018 11:51:45.68 [15516:16320:1119/115145.680:ERROR:ssl_client_socket_impl.cc(1061)] handshake failed; returned -1, SSL error code 1, net_error -101
Nov 19, 2018 11:51:46.59 [15516:16320:1119/115146.590:ERROR:ssl_client_socket_impl.cc(1061)] handshake failed; returned -1, SSL error code 1, net_error -101

Nov 21, 2018 12:49:55.64 NEW SESSION
Nov 21, 2018 12:49:55.64 [4544:13904:1121/124955.598:ERROR:in_progress_cache_impl.cc(203)] Cache is not initialized, cannot RetrieveEntry.
Nov 21, 2018 12:49:55.64 [4544:13904:1121/124955.598:ERROR:in_progress_cache_impl.cc(203)] Cache is not initialized, cannot RetrieveEntry.

Nov 22, 2018 12:49:48.23 NEW SESSION
Nov 22, 2018 12:49:48.23 [15312:9020:1122/124945.509:ERROR:gcm_channel_status_request.cc(151)] GCM channel request failed.

Nov 27, 2018 11:38:51.99 NEW SESSION
Nov 27, 2018 11:38:52.00 [220:15948:1127/113851.997:ERROR:shader_disk_cache.cc(257)] Failed to create shader cache entry: -2
